{"C:\\Users\\Polzovatel\\Desktop\\Zazmic\\stage 2\\week 5\\Homework-5\\app.js": {"path":"C:\\Users\\Polzovatel\\Desktop\\Zazmic\\stage 2\\week 5\\Homework-5\\app.js","statementMap":{"0":{"start":{"line":1,"column":16},"end":{"line":1,"column":34}},"1":{"start":{"line":2,"column":16},"end":{"line":2,"column":42}},"2":{"start":{"line":3,"column":14},"end":{"line":3,"column":30}},"3":{"start":{"line":4,"column":19},"end":{"line":4,"column":41}},"4":{"start":{"line":5,"column":19},"end":{"line":5,"column":52}},"5":{"start":{"line":6,"column":17},"end":{"line":6,"column":36}},"6":{"start":{"line":7,"column":13},"end":{"line":7,"column":29}},"7":{"start":{"line":8,"column":17},"end":{"line":8,"column":37}},"8":{"start":{"line":9,"column":13},"end":{"line":9,"column":28}},"9":{"start":{"line":11,"column":21},"end":{"line":11,"column":49}},"10":{"start":{"line":13,"column":18},"end":{"line":13,"column":44}},"11":{"start":{"line":15,"column":25},"end":{"line":15,"column":46}},"12":{"start":{"line":17,"column":19},"end":{"line":17,"column":51}},"13":{"start":{"line":20,"column":36},"end":{"line":20,"column":62}},"14":{"start":{"line":23,"column":16},"end":{"line":23,"column":46}},"15":{"start":{"line":24,"column":16},"end":{"line":24,"column":46}},"16":{"start":{"line":25,"column":20},"end":{"line":25,"column":57}},"17":{"start":{"line":27,"column":12},"end":{"line":27,"column":21}},"18":{"start":{"line":30,"column":0},"end":{"line":30,"column":52}},"19":{"start":{"line":31,"column":0},"end":{"line":31,"column":27}},"20":{"start":{"line":33,"column":0},"end":{"line":33,"column":26}},"21":{"start":{"line":36,"column":22},"end":{"line":45,"column":1}},"22":{"start":{"line":46,"column":0},"end":{"line":46,"column":32}},"23":{"start":{"line":49,"column":0},"end":{"line":49,"column":16}},"24":{"start":{"line":50,"column":0},"end":{"line":53,"column":3}},"25":{"start":{"line":51,"column":2},"end":{"line":51,"column":44}},"26":{"start":{"line":52,"column":2},"end":{"line":52,"column":9}},"27":{"start":{"line":56,"column":0},"end":{"line":56,"column":31}},"28":{"start":{"line":57,"column":0},"end":{"line":57,"column":28}},"29":{"start":{"line":60,"column":0},"end":{"line":60,"column":31}},"30":{"start":{"line":63,"column":0},"end":{"line":63,"column":16}},"31":{"start":{"line":65,"column":0},"end":{"line":67,"column":3}},"32":{"start":{"line":66,"column":2},"end":{"line":66,"column":72}},"33":{"start":{"line":66,"column":52},"end":{"line":66,"column":70}},"34":{"start":{"line":69,"column":0},"end":{"line":69,"column":23}},"35":{"start":{"line":72,"column":15},"end":{"line":72,"column":37}},"36":{"start":{"line":73,"column":11},"end":{"line":73,"column":27}},"37":{"start":{"line":75,"column":0},"end":{"line":75,"column":32}},"38":{"start":{"line":76,"column":0},"end":{"line":76,"column":19}},"39":{"start":{"line":79,"column":0},"end":{"line":95,"column":3}},"40":{"start":{"line":80,"column":2},"end":{"line":88,"column":3}},"41":{"start":{"line":81,"column":4},"end":{"line":83,"column":7}},"42":{"start":{"line":85,"column":4},"end":{"line":87,"column":7}},"43":{"start":{"line":89,"column":2},"end":{"line":94,"column":5}},"44":{"start":{"line":97,"column":13},"end":{"line":97,"column":29}},"45":{"start":{"line":100,"column":20},"end":{"line":122,"column":1}},"46":{"start":{"line":101,"column":2},"end":{"line":103,"column":5}},"47":{"start":{"line":102,"column":4},"end":{"line":102,"column":78}},"48":{"start":{"line":105,"column":2},"end":{"line":107,"column":5}},"49":{"start":{"line":106,"column":4},"end":{"line":106,"column":76}},"50":{"start":{"line":109,"column":2},"end":{"line":113,"column":5}},"51":{"start":{"line":115,"column":2},"end":{"line":121,"column":5}},"52":{"start":{"line":116,"column":4},"end":{"line":120,"column":7}},"53":{"start":{"line":124,"column":0},"end":{"line":131,"column":3}},"54":{"start":{"line":125,"column":2},"end":{"line":129,"column":5}},"55":{"start":{"line":130,"column":2},"end":{"line":130,"column":41}},"56":{"start":{"line":130,"column":24},"end":{"line":130,"column":39}},"57":{"start":{"line":133,"column":0},"end":{"line":133,"column":24}}},"fnMap":{"0":{"name":"(anonymous_0)","decl":{"start":{"line":50,"column":13},"end":{"line":50,"column":14}},"loc":{"start":{"line":50,"column":33},"end":{"line":53,"column":1}},"line":50},"1":{"name":"(anonymous_1)","decl":{"start":{"line":65,"column":13},"end":{"line":65,"column":14}},"loc":{"start":{"line":65,"column":27},"end":{"line":67,"column":1}},"line":65},"2":{"name":"(anonymous_2)","decl":{"start":{"line":66,"column":38},"end":{"line":66,"column":39}},"loc":{"start":{"line":66,"column":52},"end":{"line":66,"column":70}},"line":66},"3":{"name":"(anonymous_3)","decl":{"start":{"line":79,"column":8},"end":{"line":79,"column":9}},"loc":{"start":{"line":79,"column":33},"end":{"line":95,"column":1}},"line":79},"4":{"name":"(anonymous_4)","decl":{"start":{"line":100,"column":20},"end":{"line":100,"column":21}},"loc":{"start":{"line":100,"column":32},"end":{"line":122,"column":1}},"line":100},"5":{"name":"(anonymous_5)","decl":{"start":{"line":101,"column":32},"end":{"line":101,"column":33}},"loc":{"start":{"line":101,"column":41},"end":{"line":103,"column":3}},"line":101},"6":{"name":"(anonymous_6)","decl":{"start":{"line":105,"column":37},"end":{"line":105,"column":38}},"loc":{"start":{"line":105,"column":46},"end":{"line":107,"column":3}},"line":105},"7":{"name":"(anonymous_7)","decl":{"start":{"line":115,"column":22},"end":{"line":115,"column":23}},"loc":{"start":{"line":115,"column":28},"end":{"line":121,"column":3}},"line":115},"8":{"name":"(anonymous_8)","decl":{"start":{"line":124,"column":20},"end":{"line":124,"column":21}},"loc":{"start":{"line":124,"column":29},"end":{"line":131,"column":1}},"line":124},"9":{"name":"(anonymous_9)","decl":{"start":{"line":130,"column":18},"end":{"line":130,"column":19}},"loc":{"start":{"line":130,"column":24},"end":{"line":130,"column":39}},"line":130}},"branchMap":{"0":{"loc":{"start":{"line":80,"column":2},"end":{"line":88,"column":3}},"type":"if","locations":[{"start":{"line":80,"column":2},"end":{"line":88,"column":3}},{"start":{"line":80,"column":2},"end":{"line":88,"column":3}}],"line":80}},"s":{"0":7,"1":7,"2":7,"3":7,"4":7,"5":7,"6":7,"7":7,"8":7,"9":7,"10":7,"11":7,"12":7,"13":7,"14":7,"15":7,"16":7,"17":7,"18":7,"19":7,"20":7,"21":7,"22":7,"23":7,"24":7,"25":35,"26":35,"27":7,"28":7,"29":7,"30":7,"31":7,"32":0,"33":0,"34":7,"35":7,"36":7,"37":7,"38":7,"39":7,"40":6,"41":0,"42":6,"43":6,"44":7,"45":7,"46":7,"47":0,"48":6,"49":0,"50":6,"51":6,"52":3,"53":7,"54":3,"55":3,"56":0,"57":7},"f":{"0":35,"1":0,"2":0,"3":6,"4":7,"5":0,"6":0,"7":3,"8":3,"9":0},"b":{"0":[0,6]},"_coverageSchema":"43e27e138ebf9cfc5966b082cf9a028302ed4184","hash":"d7914b3a640b4fdfe6c6776f03abce06951c3076"}
,"C:\\Users\\Polzovatel\\Desktop\\Zazmic\\stage 2\\week 5\\Homework-5\\database\\db-mongo.js": {"path":"C:\\Users\\Polzovatel\\Desktop\\Zazmic\\stage 2\\week 5\\Homework-5\\database\\db-mongo.js","statementMap":{"0":{"start":{"line":1,"column":17},"end":{"line":1,"column":36}},"1":{"start":{"line":3,"column":49},"end":{"line":3,"column":76}},"2":{"start":{"line":5,"column":17},"end":{"line":5,"column":38}},"3":{"start":{"line":10,"column":4},"end":{"line":18,"column":7}},"4":{"start":{"line":11,"column":6},"end":{"line":17,"column":9}},"5":{"start":{"line":20,"column":4},"end":{"line":26,"column":7}},"6":{"start":{"line":21,"column":6},"end":{"line":25,"column":9}},"7":{"start":{"line":28,"column":4},"end":{"line":34,"column":7}},"8":{"start":{"line":29,"column":6},"end":{"line":33,"column":9}},"9":{"start":{"line":36,"column":4},"end":{"line":42,"column":7}},"10":{"start":{"line":37,"column":6},"end":{"line":41,"column":9}},"11":{"start":{"line":44,"column":4},"end":{"line":49,"column":7}},"12":{"start":{"line":53,"column":0},"end":{"line":53,"column":26}}},"fnMap":{"0":{"name":"(anonymous_0)","decl":{"start":{"line":8,"column":2},"end":{"line":8,"column":3}},"loc":{"start":{"line":8,"column":25},"end":{"line":50,"column":3}},"line":8},"1":{"name":"(anonymous_1)","decl":{"start":{"line":10,"column":26},"end":{"line":10,"column":27}},"loc":{"start":{"line":10,"column":61},"end":{"line":18,"column":5}},"line":10},"2":{"name":"(anonymous_2)","decl":{"start":{"line":20,"column":40},"end":{"line":20,"column":41}},"loc":{"start":{"line":20,"column":46},"end":{"line":26,"column":5}},"line":20},"3":{"name":"(anonymous_3)","decl":{"start":{"line":28,"column":36},"end":{"line":28,"column":37}},"loc":{"start":{"line":28,"column":45},"end":{"line":34,"column":5}},"line":28},"4":{"name":"(anonymous_4)","decl":{"start":{"line":36,"column":43},"end":{"line":36,"column":44}},"loc":{"start":{"line":36,"column":49},"end":{"line":42,"column":5}},"line":36}},"branchMap":{},"s":{"0":7,"1":7,"2":7,"3":7,"4":16,"5":7,"6":9,"7":7,"8":0,"9":7,"10":0,"11":7,"12":7},"f":{"0":7,"1":16,"2":9,"3":0,"4":0},"b":{},"_coverageSchema":"43e27e138ebf9cfc5966b082cf9a028302ed4184","hash":"3e0b3f6e480bd49d19d261c916d5e960a110b0bd"}
,"C:\\Users\\Polzovatel\\Desktop\\Zazmic\\stage 2\\week 5\\Homework-5\\database\\db-mysql.js": {"path":"C:\\Users\\Polzovatel\\Desktop\\Zazmic\\stage 2\\week 5\\Homework-5\\database\\db-mysql.js","statementMap":{"0":{"start":{"line":1,"column":18},"end":{"line":1,"column":38}},"1":{"start":{"line":3,"column":24},"end":{"line":3,"column":51}},"2":{"start":{"line":5,"column":18},"end":{"line":13,"column":2}},"3":{"start":{"line":8,"column":4},"end":{"line":12,"column":6}},"4":{"start":{"line":15,"column":0},"end":{"line":15,"column":27}}},"fnMap":{"0":{"name":"(anonymous_0)","decl":{"start":{"line":7,"column":11},"end":{"line":7,"column":12}},"loc":{"start":{"line":8,"column":4},"end":{"line":12,"column":6}},"line":8}},"branchMap":{},"s":{"0":7,"1":7,"2":7,"3":108,"4":7},"f":{"0":108},"b":{},"_coverageSchema":"43e27e138ebf9cfc5966b082cf9a028302ed4184","hash":"d7e623169aa8775a92b26654adb561e7333a79da"}
,"C:\\Users\\Polzovatel\\Desktop\\Zazmic\\stage 2\\week 5\\Homework-5\\database\\redis-client.js": {"path":"C:\\Users\\Polzovatel\\Desktop\\Zazmic\\stage 2\\week 5\\Homework-5\\database\\redis-client.js","statementMap":{"0":{"start":{"line":1,"column":14},"end":{"line":1,"column":32}},"1":{"start":{"line":2,"column":24},"end":{"line":2,"column":51}},"2":{"start":{"line":4,"column":20},"end":{"line":4,"column":52}},"3":{"start":{"line":6,"column":0},"end":{"line":12,"column":3}},"4":{"start":{"line":7,"column":2},"end":{"line":11,"column":5}},"5":{"start":{"line":14,"column":0},"end":{"line":14,"column":29}}},"fnMap":{"0":{"name":"(anonymous_0)","decl":{"start":{"line":6,"column":24},"end":{"line":6,"column":25}},"loc":{"start":{"line":6,"column":33},"end":{"line":12,"column":1}},"line":6}},"branchMap":{},"s":{"0":7,"1":7,"2":7,"3":7,"4":0,"5":7},"f":{"0":0},"b":{},"_coverageSchema":"43e27e138ebf9cfc5966b082cf9a028302ed4184","hash":"5bfaee469e136e3a794ed72f2db397b5266973e1"}
,"C:\\Users\\Polzovatel\\Desktop\\Zazmic\\stage 2\\week 5\\Homework-5\\docs\\swagger-config.js": {"path":"C:\\Users\\Polzovatel\\Desktop\\Zazmic\\stage 2\\week 5\\Homework-5\\docs\\swagger-config.js","statementMap":{"0":{"start":{"line":1,"column":21},"end":{"line":1,"column":45}},"1":{"start":{"line":2,"column":18},"end":{"line":2,"column":47}},"2":{"start":{"line":4,"column":26},"end":{"line":15,"column":1}},"3":{"start":{"line":17,"column":16},"end":{"line":20,"column":1}},"4":{"start":{"line":22,"column":22},"end":{"line":34,"column":1}},"5":{"start":{"line":27,"column":20},"end":{"line":27,"column":43}},"6":{"start":{"line":28,"column":20},"end":{"line":28,"column":47}},"7":{"start":{"line":30,"column":6},"end":{"line":30,"column":45}},"8":{"start":{"line":31,"column":6},"end":{"line":31,"column":17}},"9":{"start":{"line":36,"column":0},"end":{"line":46,"column":2}},"10":{"start":{"line":37,"column":2},"end":{"line":45,"column":4}},"11":{"start":{"line":40,"column":6},"end":{"line":40,"column":45}},"12":{"start":{"line":41,"column":6},"end":{"line":41,"column":13}}},"fnMap":{"0":{"name":"(anonymous_0)","decl":{"start":{"line":26,"column":24},"end":{"line":26,"column":25}},"loc":{"start":{"line":26,"column":33},"end":{"line":32,"column":5}},"line":26},"1":{"name":"(anonymous_1)","decl":{"start":{"line":36,"column":17},"end":{"line":36,"column":18}},"loc":{"start":{"line":36,"column":26},"end":{"line":46,"column":1}},"line":36},"2":{"name":"(anonymous_2)","decl":{"start":{"line":39,"column":4},"end":{"line":39,"column":5}},"loc":{"start":{"line":39,"column":24},"end":{"line":42,"column":5}},"line":39}},"branchMap":{},"s":{"0":7,"1":7,"2":7,"3":7,"4":7,"5":0,"6":0,"7":0,"8":0,"9":7,"10":7,"11":0,"12":0},"f":{"0":0,"1":7,"2":0},"b":{},"_coverageSchema":"43e27e138ebf9cfc5966b082cf9a028302ed4184","hash":"b0ad7ac9acefabdc1340501e431ab2e03f894f82"}
,"C:\\Users\\Polzovatel\\Desktop\\Zazmic\\stage 2\\week 5\\Homework-5\\gcs\\index.js": {"path":"C:\\Users\\Polzovatel\\Desktop\\Zazmic\\stage 2\\week 5\\Homework-5\\gcs\\index.js","statementMap":{"0":{"start":{"line":1,"column":20},"end":{"line":1,"column":52}},"1":{"start":{"line":3,"column":18},"end":{"line":6,"column":2}},"2":{"start":{"line":8,"column":18},"end":{"line":8,"column":58}},"3":{"start":{"line":10,"column":0},"end":{"line":10,"column":27}}},"fnMap":{},"branchMap":{},"s":{"0":7,"1":7,"2":7,"3":7},"f":{},"b":{},"_coverageSchema":"43e27e138ebf9cfc5966b082cf9a028302ed4184","hash":"513d6bba085730bff3d370b784e6102fe922a2a9"}
,"C:\\Users\\Polzovatel\\Desktop\\Zazmic\\stage 2\\week 5\\Homework-5\\gcs\\multer-gcs.js": {"path":"C:\\Users\\Polzovatel\\Desktop\\Zazmic\\stage 2\\week 5\\Homework-5\\gcs\\multer-gcs.js","statementMap":{"0":{"start":{"line":2,"column":14},"end":{"line":2,"column":30}},"1":{"start":{"line":3,"column":18},"end":{"line":3,"column":39}},"2":{"start":{"line":7,"column":4},"end":{"line":7,"column":27}},"3":{"start":{"line":11,"column":29},"end":{"line":11,"column":41}},"4":{"start":{"line":13,"column":24},"end":{"line":15,"column":6}},"5":{"start":{"line":16,"column":4},"end":{"line":16,"column":32}},"6":{"start":{"line":18,"column":23},"end":{"line":18,"column":88}},"7":{"start":{"line":20,"column":20},"end":{"line":23,"column":6}},"8":{"start":{"line":25,"column":20},"end":{"line":25,"column":47}},"9":{"start":{"line":27,"column":30},"end":{"line":29,"column":6}},"10":{"start":{"line":31,"column":4},"end":{"line":43,"column":9}},"11":{"start":{"line":34,"column":8},"end":{"line":34,"column":42}},"12":{"start":{"line":35,"column":8},"end":{"line":35,"column":16}},"13":{"start":{"line":40,"column":8},"end":{"line":42,"column":11}},"14":{"start":{"line":47,"column":4},"end":{"line":54,"column":5}},"15":{"start":{"line":48,"column":22},"end":{"line":48,"column":51}},"16":{"start":{"line":49,"column":6},"end":{"line":49,"column":27}},"17":{"start":{"line":50,"column":6},"end":{"line":50,"column":22}},"18":{"start":{"line":51,"column":6},"end":{"line":51,"column":29}},"19":{"start":{"line":53,"column":6},"end":{"line":53,"column":14}},"20":{"start":{"line":58,"column":0},"end":{"line":58,"column":59}},"21":{"start":{"line":58,"column":30},"end":{"line":58,"column":58}}},"fnMap":{"0":{"name":"(anonymous_0)","decl":{"start":{"line":6,"column":2},"end":{"line":6,"column":3}},"loc":{"start":{"line":6,"column":23},"end":{"line":8,"column":3}},"line":6},"1":{"name":"(anonymous_1)","decl":{"start":{"line":10,"column":2},"end":{"line":10,"column":3}},"loc":{"start":{"line":10,"column":29},"end":{"line":44,"column":3}},"line":10},"2":{"name":"(anonymous_2)","decl":{"start":{"line":33,"column":19},"end":{"line":33,"column":20}},"loc":{"start":{"line":33,"column":28},"end":{"line":36,"column":7}},"line":33},"3":{"name":"(anonymous_3)","decl":{"start":{"line":39,"column":20},"end":{"line":39,"column":21}},"loc":{"start":{"line":39,"column":26},"end":{"line":43,"column":7}},"line":39},"4":{"name":"(anonymous_4)","decl":{"start":{"line":46,"column":2},"end":{"line":46,"column":3}},"loc":{"start":{"line":46,"column":35},"end":{"line":55,"column":3}},"line":46},"5":{"name":"(anonymous_5)","decl":{"start":{"line":58,"column":17},"end":{"line":58,"column":18}},"loc":{"start":{"line":58,"column":30},"end":{"line":58,"column":58}},"line":58}},"branchMap":{},"s":{"0":7,"1":7,"2":14,"3":5,"4":5,"5":5,"6":5,"7":5,"8":5,"9":5,"10":5,"11":0,"12":0,"13":5,"14":0,"15":0,"16":0,"17":0,"18":0,"19":0,"20":7,"21":14},"f":{"0":14,"1":5,"2":0,"3":5,"4":0,"5":14},"b":{},"_coverageSchema":"43e27e138ebf9cfc5966b082cf9a028302ed4184","hash":"9da2319aee72dbbdfe447d397d5a022ceb6b0167"}
,"C:\\Users\\Polzovatel\\Desktop\\Zazmic\\stage 2\\week 5\\Homework-5\\limiter\\limiter.js": {"path":"C:\\Users\\Polzovatel\\Desktop\\Zazmic\\stage 2\\week 5\\Homework-5\\limiter\\limiter.js","statementMap":{"0":{"start":{"line":1,"column":18},"end":{"line":1,"column":47}},"1":{"start":{"line":2,"column":19},"end":{"line":2,"column":46}},"2":{"start":{"line":4,"column":20},"end":{"line":4,"column":55}},"3":{"start":{"line":6,"column":24},"end":{"line":9,"column":2}},"4":{"start":{"line":11,"column":19},"end":{"line":16,"column":2}},"5":{"start":{"line":18,"column":26},"end":{"line":21,"column":2}},"6":{"start":{"line":23,"column":21},"end":{"line":30,"column":2}},"7":{"start":{"line":32,"column":0},"end":{"line":35,"column":2}}},"fnMap":{},"branchMap":{},"s":{"0":7,"1":7,"2":7,"3":7,"4":7,"5":7,"6":7,"7":7},"f":{},"b":{},"_coverageSchema":"43e27e138ebf9cfc5966b082cf9a028302ed4184","hash":"aca98bd274b3ed69c0df47730682a01b03a73bb0"}
,"C:\\Users\\Polzovatel\\Desktop\\Zazmic\\stage 2\\week 5\\Homework-5\\logger\\logger.js": {"path":"C:\\Users\\Polzovatel\\Desktop\\Zazmic\\stage 2\\week 5\\Homework-5\\logger\\logger.js","statementMap":{"0":{"start":{"line":2,"column":16},"end":{"line":2,"column":34}},"1":{"start":{"line":3,"column":0},"end":{"line":3,"column":27}},"2":{"start":{"line":5,"column":45},"end":{"line":5,"column":52}},"3":{"start":{"line":8,"column":4},"end":{"line":8,"column":10}},"4":{"start":{"line":10,"column":0},"end":{"line":12,"column":3}},"5":{"start":{"line":14,"column":22},"end":{"line":30,"column":1}},"6":{"start":{"line":18,"column":19},"end":{"line":18,"column":45}},"7":{"start":{"line":19,"column":20},"end":{"line":19,"column":22}},"8":{"start":{"line":20,"column":4},"end":{"line":24,"column":5}},"9":{"start":{"line":21,"column":6},"end":{"line":23,"column":26}},"10":{"start":{"line":25,"column":4},"end":{"line":28,"column":8}},"11":{"start":{"line":32,"column":23},"end":{"line":40,"column":2}},"12":{"start":{"line":32,"column":49},"end":{"line":40,"column":2}},"13":{"start":{"line":42,"column":25},"end":{"line":50,"column":2}},"14":{"start":{"line":52,"column":19},"end":{"line":54,"column":2}},"15":{"start":{"line":56,"column":20},"end":{"line":58,"column":2}},"16":{"start":{"line":60,"column":22},"end":{"line":62,"column":2}},"17":{"start":{"line":64,"column":20},"end":{"line":66,"column":2}},"18":{"start":{"line":68,"column":20},"end":{"line":77,"column":1}},"19":{"start":{"line":68,"column":30},"end":{"line":77,"column":1}},"20":{"start":{"line":69,"column":16},"end":{"line":72,"column":3}},"21":{"start":{"line":73,"column":2},"end":{"line":75,"column":5}},"22":{"start":{"line":76,"column":2},"end":{"line":76,"column":41}},"23":{"start":{"line":76,"column":24},"end":{"line":76,"column":39}},"24":{"start":{"line":79,"column":0},"end":{"line":79,"column":59}},"25":{"start":{"line":80,"column":0},"end":{"line":80,"column":58}},"26":{"start":{"line":82,"column":0},"end":{"line":87,"column":2}}},"fnMap":{"0":{"name":"(anonymous_0)","decl":{"start":{"line":15,"column":2},"end":{"line":15,"column":3}},"loc":{"start":{"line":17,"column":8},"end":{"line":29,"column":3}},"line":17},"1":{"name":"(anonymous_1)","decl":{"start":{"line":32,"column":23},"end":{"line":32,"column":24}},"loc":{"start":{"line":32,"column":49},"end":{"line":40,"column":2}},"line":32},"2":{"name":"(anonymous_2)","decl":{"start":{"line":68,"column":20},"end":{"line":68,"column":21}},"loc":{"start":{"line":68,"column":30},"end":{"line":77,"column":1}},"line":68},"3":{"name":"(anonymous_3)","decl":{"start":{"line":68,"column":30},"end":{"line":68,"column":31}},"loc":{"start":{"line":68,"column":39},"end":{"line":77,"column":1}},"line":68},"4":{"name":"(anonymous_4)","decl":{"start":{"line":76,"column":18},"end":{"line":76,"column":19}},"loc":{"start":{"line":76,"column":24},"end":{"line":76,"column":39}},"line":76}},"branchMap":{"0":{"loc":{"start":{"line":18,"column":19},"end":{"line":18,"column":45}},"type":"cond-expr","locations":[{"start":{"line":18,"column":27},"end":{"line":18,"column":40}},{"start":{"line":18,"column":43},"end":{"line":18,"column":45}}],"line":18},"1":{"loc":{"start":{"line":20,"column":4},"end":{"line":24,"column":5}},"type":"if","locations":[{"start":{"line":20,"column":4},"end":{"line":24,"column":5}},{"start":{"line":20,"column":4},"end":{"line":24,"column":5}}],"line":20},"2":{"loc":{"start":{"line":21,"column":18},"end":{"line":23,"column":25}},"type":"cond-expr","locations":[{"start":{"line":22,"column":10},"end":{"line":22,"column":41}},{"start":{"line":23,"column":10},"end":{"line":23,"column":25}}],"line":21}},"s":{"0":7,"1":7,"2":7,"3":7,"4":7,"5":7,"6":0,"7":0,"8":0,"9":0,"10":0,"11":7,"12":28,"13":7,"14":7,"15":7,"16":7,"17":7,"18":7,"19":14,"20":0,"21":0,"22":0,"23":0,"24":7,"25":7,"26":7},"f":{"0":0,"1":28,"2":14,"3":0,"4":0},"b":{"0":[0,0],"1":[0,0],"2":[0,0]},"_coverageSchema":"43e27e138ebf9cfc5966b082cf9a028302ed4184","hash":"0f64b5b1ce7f16a7d492620c42a02cb9d5064e6e"}
,"C:\\Users\\Polzovatel\\Desktop\\Zazmic\\stage 2\\week 5\\Homework-5\\models\\mongoose\\ArticlesHistory.js": {"path":"C:\\Users\\Polzovatel\\Desktop\\Zazmic\\stage 2\\week 5\\Homework-5\\models\\mongoose\\ArticlesHistory.js","statementMap":{"0":{"start":{"line":1,"column":17},"end":{"line":1,"column":36}},"1":{"start":{"line":3,"column":19},"end":{"line":3,"column":27}},"2":{"start":{"line":5,"column":30},"end":{"line":9,"column":2}},"3":{"start":{"line":11,"column":0},"end":{"line":15,"column":2}}},"fnMap":{},"branchMap":{},"s":{"0":7,"1":7,"2":7,"3":7},"f":{},"b":{},"_coverageSchema":"43e27e138ebf9cfc5966b082cf9a028302ed4184","hash":"3cecf24bf8ba9cdabe371589d586ab638ae56b2c"}
,"C:\\Users\\Polzovatel\\Desktop\\Zazmic\\stage 2\\week 5\\Homework-5\\models\\mongoose\\ArticlesLog.js": {"path":"C:\\Users\\Polzovatel\\Desktop\\Zazmic\\stage 2\\week 5\\Homework-5\\models\\mongoose\\ArticlesLog.js","statementMap":{"0":{"start":{"line":1,"column":17},"end":{"line":1,"column":36}},"1":{"start":{"line":3,"column":0},"end":{"line":14,"column":2}}},"fnMap":{},"branchMap":{},"s":{"0":7,"1":7},"f":{},"b":{},"_coverageSchema":"43e27e138ebf9cfc5966b082cf9a028302ed4184","hash":"b548d41e8d0b65347f19875be5a009b7da449ba9"}
,"C:\\Users\\Polzovatel\\Desktop\\Zazmic\\stage 2\\week 5\\Homework-5\\models\\mongoose\\ArticlesView.js": {"path":"C:\\Users\\Polzovatel\\Desktop\\Zazmic\\stage 2\\week 5\\Homework-5\\models\\mongoose\\ArticlesView.js","statementMap":{"0":{"start":{"line":1,"column":17},"end":{"line":1,"column":36}},"1":{"start":{"line":3,"column":19},"end":{"line":3,"column":27}},"2":{"start":{"line":5,"column":27},"end":{"line":11,"column":2}},"3":{"start":{"line":13,"column":0},"end":{"line":18,"column":3}},"4":{"start":{"line":14,"column":14},"end":{"line":14,"column":24}},"5":{"start":{"line":15,"column":2},"end":{"line":15,"column":23}},"6":{"start":{"line":16,"column":2},"end":{"line":16,"column":44}},"7":{"start":{"line":16,"column":23},"end":{"line":16,"column":44}},"8":{"start":{"line":17,"column":2},"end":{"line":17,"column":9}},"9":{"start":{"line":20,"column":0},"end":{"line":23,"column":3}},"10":{"start":{"line":21,"column":2},"end":{"line":21,"column":38}},"11":{"start":{"line":22,"column":2},"end":{"line":22,"column":9}},"12":{"start":{"line":25,"column":0},"end":{"line":29,"column":2}}},"fnMap":{"0":{"name":"(anonymous_0)","decl":{"start":{"line":13,"column":31},"end":{"line":13,"column":32}},"loc":{"start":{"line":13,"column":47},"end":{"line":18,"column":1}},"line":13},"1":{"name":"(anonymous_1)","decl":{"start":{"line":20,"column":36},"end":{"line":20,"column":37}},"loc":{"start":{"line":20,"column":52},"end":{"line":23,"column":1}},"line":20}},"branchMap":{"0":{"loc":{"start":{"line":16,"column":2},"end":{"line":16,"column":44}},"type":"if","locations":[{"start":{"line":16,"column":2},"end":{"line":16,"column":44}},{"start":{"line":16,"column":2},"end":{"line":16,"column":44}}],"line":16}},"s":{"0":7,"1":7,"2":7,"3":7,"4":1,"5":1,"6":1,"7":1,"8":1,"9":7,"10":0,"11":0,"12":7},"f":{"0":1,"1":0},"b":{"0":[1,0]},"_coverageSchema":"43e27e138ebf9cfc5966b082cf9a028302ed4184","hash":"6e1c62efc2205b7317067300b549e9832e84aed6"}
,"C:\\Users\\Polzovatel\\Desktop\\Zazmic\\stage 2\\week 5\\Homework-5\\models\\mongoose\\index.js": {"path":"C:\\Users\\Polzovatel\\Desktop\\Zazmic\\stage 2\\week 5\\Homework-5\\models\\mongoose\\index.js","statementMap":{"0":{"start":{"line":1,"column":21},"end":{"line":1,"column":56}},"1":{"start":{"line":2,"column":24},"end":{"line":2,"column":62}},"2":{"start":{"line":3,"column":20},"end":{"line":3,"column":54}},"3":{"start":{"line":5,"column":0},"end":{"line":9,"column":2}}},"fnMap":{},"branchMap":{},"s":{"0":7,"1":7,"2":7,"3":7},"f":{},"b":{},"_coverageSchema":"43e27e138ebf9cfc5966b082cf9a028302ed4184","hash":"6bac855d92aaefbe6ce52d26cf33523cb709f0d5"}
,"C:\\Users\\Polzovatel\\Desktop\\Zazmic\\stage 2\\week 5\\Homework-5\\models\\sequelize\\Account.js": {"path":"C:\\Users\\Polzovatel\\Desktop\\Zazmic\\stage 2\\week 5\\Homework-5\\models\\sequelize\\Account.js","statementMap":{"0":{"start":{"line":1,"column":29},"end":{"line":1,"column":49}},"1":{"start":{"line":3,"column":18},"end":{"line":3,"column":52}},"2":{"start":{"line":7,"column":0},"end":{"line":26,"column":2}},"3":{"start":{"line":28,"column":0},"end":{"line":30,"column":2}},"4":{"start":{"line":29,"column":2},"end":{"line":29,"column":49}},"5":{"start":{"line":32,"column":0},"end":{"line":32,"column":25}}},"fnMap":{"0":{"name":"(anonymous_0)","decl":{"start":{"line":28,"column":20},"end":{"line":28,"column":21}},"loc":{"start":{"line":28,"column":32},"end":{"line":30,"column":1}},"line":28}},"branchMap":{},"s":{"0":7,"1":7,"2":7,"3":7,"4":7,"5":7},"f":{"0":7},"b":{},"_coverageSchema":"43e27e138ebf9cfc5966b082cf9a028302ed4184","hash":"9ef35a87c404e7923973d152277a5fc51531e16b"}
,"C:\\Users\\Polzovatel\\Desktop\\Zazmic\\stage 2\\week 5\\Homework-5\\models\\sequelize\\Article.js": {"path":"C:\\Users\\Polzovatel\\Desktop\\Zazmic\\stage 2\\week 5\\Homework-5\\models\\sequelize\\Article.js","statementMap":{"0":{"start":{"line":1,"column":29},"end":{"line":1,"column":49}},"1":{"start":{"line":3,"column":18},"end":{"line":3,"column":52}},"2":{"start":{"line":7,"column":0},"end":{"line":33,"column":2}},"3":{"start":{"line":35,"column":0},"end":{"line":41,"column":2}},"4":{"start":{"line":36,"column":2},"end":{"line":36,"column":51}},"5":{"start":{"line":37,"column":2},"end":{"line":40,"column":5}},"6":{"start":{"line":43,"column":0},"end":{"line":43,"column":25}}},"fnMap":{"0":{"name":"(anonymous_0)","decl":{"start":{"line":35,"column":20},"end":{"line":35,"column":21}},"loc":{"start":{"line":35,"column":32},"end":{"line":41,"column":1}},"line":35}},"branchMap":{},"s":{"0":7,"1":7,"2":7,"3":7,"4":7,"5":7,"6":7},"f":{"0":7},"b":{},"_coverageSchema":"43e27e138ebf9cfc5966b082cf9a028302ed4184","hash":"7ba501f869f7c6b4eeb2f2e8e7a98236f19d91dd"}
,"C:\\Users\\Polzovatel\\Desktop\\Zazmic\\stage 2\\week 5\\Homework-5\\models\\sequelize\\Comment.js": {"path":"C:\\Users\\Polzovatel\\Desktop\\Zazmic\\stage 2\\week 5\\Homework-5\\models\\sequelize\\Comment.js","statementMap":{"0":{"start":{"line":1,"column":29},"end":{"line":1,"column":49}},"1":{"start":{"line":3,"column":18},"end":{"line":3,"column":52}},"2":{"start":{"line":7,"column":0},"end":{"line":32,"column":2}},"3":{"start":{"line":34,"column":0},"end":{"line":37,"column":2}},"4":{"start":{"line":35,"column":2},"end":{"line":35,"column":51}},"5":{"start":{"line":36,"column":2},"end":{"line":36,"column":55}},"6":{"start":{"line":39,"column":0},"end":{"line":39,"column":25}}},"fnMap":{"0":{"name":"(anonymous_0)","decl":{"start":{"line":34,"column":20},"end":{"line":34,"column":21}},"loc":{"start":{"line":34,"column":32},"end":{"line":37,"column":1}},"line":34}},"branchMap":{},"s":{"0":7,"1":7,"2":7,"3":7,"4":7,"5":7,"6":7},"f":{"0":7},"b":{},"_coverageSchema":"43e27e138ebf9cfc5966b082cf9a028302ed4184","hash":"9b424fdb100a5efad7641bf40f4f86e173334a7d"}
,"C:\\Users\\Polzovatel\\Desktop\\Zazmic\\stage 2\\week 5\\Homework-5\\models\\sequelize\\User.js": {"path":"C:\\Users\\Polzovatel\\Desktop\\Zazmic\\stage 2\\week 5\\Homework-5\\models\\sequelize\\User.js","statementMap":{"0":{"start":{"line":1,"column":29},"end":{"line":1,"column":49}},"1":{"start":{"line":3,"column":18},"end":{"line":3,"column":52}},"2":{"start":{"line":5,"column":21},"end":{"line":5,"column":57}},"3":{"start":{"line":9,"column":0},"end":{"line":61,"column":2}},"4":{"start":{"line":63,"column":0},"end":{"line":76,"column":2}},"5":{"start":{"line":64,"column":2},"end":{"line":67,"column":5}},"6":{"start":{"line":68,"column":2},"end":{"line":71,"column":5}},"7":{"start":{"line":72,"column":2},"end":{"line":75,"column":5}},"8":{"start":{"line":78,"column":0},"end":{"line":78,"column":22}}},"fnMap":{"0":{"name":"(anonymous_0)","decl":{"start":{"line":63,"column":17},"end":{"line":63,"column":18}},"loc":{"start":{"line":63,"column":29},"end":{"line":76,"column":1}},"line":63}},"branchMap":{},"s":{"0":7,"1":7,"2":7,"3":7,"4":7,"5":7,"6":7,"7":7,"8":7},"f":{"0":7},"b":{},"_coverageSchema":"43e27e138ebf9cfc5966b082cf9a028302ed4184","hash":"53e57a5582a773b4bcf6b46b07f88a96f59c0a99"}
,"C:\\Users\\Polzovatel\\Desktop\\Zazmic\\stage 2\\week 5\\Homework-5\\models\\sequelize\\index.js": {"path":"C:\\Users\\Polzovatel\\Desktop\\Zazmic\\stage 2\\week 5\\Homework-5\\models\\sequelize\\index.js","statementMap":{"0":{"start":{"line":1,"column":13},"end":{"line":1,"column":41}},"1":{"start":{"line":2,"column":16},"end":{"line":2,"column":47}},"2":{"start":{"line":3,"column":16},"end":{"line":3,"column":47}},"3":{"start":{"line":4,"column":16},"end":{"line":4,"column":47}},"4":{"start":{"line":6,"column":15},"end":{"line":11,"column":1}},"5":{"start":{"line":13,"column":0},"end":{"line":15,"column":3}},"6":{"start":{"line":14,"column":2},"end":{"line":14,"column":47}},"7":{"start":{"line":14,"column":23},"end":{"line":14,"column":47}},"8":{"start":{"line":17,"column":0},"end":{"line":17,"column":24}}},"fnMap":{"0":{"name":"(anonymous_0)","decl":{"start":{"line":13,"column":30},"end":{"line":13,"column":31}},"loc":{"start":{"line":13,"column":41},"end":{"line":15,"column":1}},"line":13}},"branchMap":{"0":{"loc":{"start":{"line":14,"column":2},"end":{"line":14,"column":47}},"type":"if","locations":[{"start":{"line":14,"column":2},"end":{"line":14,"column":47}},{"start":{"line":14,"column":2},"end":{"line":14,"column":47}}],"line":14}},"s":{"0":7,"1":7,"2":7,"3":7,"4":7,"5":7,"6":28,"7":28,"8":7},"f":{"0":28},"b":{"0":[28,0]},"_coverageSchema":"43e27e138ebf9cfc5966b082cf9a028302ed4184","hash":"9dbd4211d967f37003c87a25016d71515478bc81"}
,"C:\\Users\\Polzovatel\\Desktop\\Zazmic\\stage 2\\week 5\\Homework-5\\passport\\index.js": {"path":"C:\\Users\\Polzovatel\\Desktop\\Zazmic\\stage 2\\week 5\\Homework-5\\passport\\index.js","statementMap":{"0":{"start":{"line":5,"column":4},"end":{"line":5,"column":27}},"1":{"start":{"line":7,"column":17},"end":{"line":7,"column":47}},"2":{"start":{"line":9,"column":0},"end":{"line":14,"column":2}},"3":{"start":{"line":10,"column":2},"end":{"line":13,"column":3}},"4":{"start":{"line":10,"column":29},"end":{"line":10,"column":36}},"5":{"start":{"line":12,"column":4},"end":{"line":12,"column":27}},"6":{"start":{"line":16,"column":0},"end":{"line":39,"column":2}},"7":{"start":{"line":18,"column":2},"end":{"line":20,"column":5}},"8":{"start":{"line":19,"column":4},"end":{"line":19,"column":24}},"9":{"start":{"line":23,"column":2},"end":{"line":33,"column":5}},"10":{"start":{"line":24,"column":4},"end":{"line":32,"column":5}},"11":{"start":{"line":25,"column":23},"end":{"line":27,"column":8}},"12":{"start":{"line":28,"column":6},"end":{"line":29,"column":45}},"13":{"start":{"line":28,"column":20},"end":{"line":28,"column":41}},"14":{"start":{"line":29,"column":11},"end":{"line":29,"column":45}},"15":{"start":{"line":31,"column":6},"end":{"line":31,"column":16}},"16":{"start":{"line":36,"column":2},"end":{"line":36,"column":30}},"17":{"start":{"line":37,"column":2},"end":{"line":37,"column":31}},"18":{"start":{"line":38,"column":2},"end":{"line":38,"column":33}}},"fnMap":{"0":{"name":"(anonymous_0)","decl":{"start":{"line":9,"column":21},"end":{"line":9,"column":22}},"loc":{"start":{"line":9,"column":41},"end":{"line":14,"column":1}},"line":9},"1":{"name":"(anonymous_1)","decl":{"start":{"line":16,"column":23},"end":{"line":16,"column":24}},"loc":{"start":{"line":16,"column":37},"end":{"line":39,"column":1}},"line":16},"2":{"name":"(anonymous_2)","decl":{"start":{"line":18,"column":25},"end":{"line":18,"column":26}},"loc":{"start":{"line":18,"column":41},"end":{"line":20,"column":3}},"line":18},"3":{"name":"(anonymous_3)","decl":{"start":{"line":23,"column":27},"end":{"line":23,"column":28}},"loc":{"start":{"line":23,"column":47},"end":{"line":33,"column":3}},"line":23}},"branchMap":{"0":{"loc":{"start":{"line":10,"column":2},"end":{"line":13,"column":3}},"type":"if","locations":[{"start":{"line":10,"column":2},"end":{"line":13,"column":3}},{"start":{"line":10,"column":2},"end":{"line":13,"column":3}}],"line":10},"1":{"loc":{"start":{"line":28,"column":6},"end":{"line":29,"column":45}},"type":"if","locations":[{"start":{"line":28,"column":6},"end":{"line":29,"column":45}},{"start":{"line":28,"column":6},"end":{"line":29,"column":45}}],"line":28}},"s":{"0":7,"1":7,"2":7,"3":17,"4":17,"5":0,"6":7,"7":7,"8":6,"9":7,"10":21,"11":21,"12":21,"13":21,"14":0,"15":0,"16":7,"17":7,"18":7},"f":{"0":17,"1":7,"2":6,"3":21},"b":{"0":[17,0],"1":[21,0]},"_coverageSchema":"43e27e138ebf9cfc5966b082cf9a028302ed4184","hash":"bad21eb649596af48a557b332c285dc822a130cc"}
,"C:\\Users\\Polzovatel\\Desktop\\Zazmic\\stage 2\\week 5\\Homework-5\\passport\\strategies.js": {"path":"C:\\Users\\Polzovatel\\Desktop\\Zazmic\\stage 2\\week 5\\Homework-5\\passport\\strategies.js","statementMap":{"0":{"start":{"line":2,"column":22},"end":{"line":2,"column":47}},"1":{"start":{"line":3,"column":23},"end":{"line":3,"column":66}},"2":{"start":{"line":4,"column":25},"end":{"line":4,"column":53}},"3":{"start":{"line":5,"column":15},"end":{"line":5,"column":34}},"4":{"start":{"line":7,"column":16},"end":{"line":7,"column":47}},"5":{"start":{"line":9,"column":26},"end":{"line":9,"column":56}},"6":{"start":{"line":11,"column":23},"end":{"line":11,"column":50}},"7":{"start":{"line":17,"column":0},"end":{"line":42,"column":2}},"8":{"start":{"line":22,"column":4},"end":{"line":40,"column":5}},"9":{"start":{"line":24,"column":26},"end":{"line":27,"column":8}},"10":{"start":{"line":28,"column":6},"end":{"line":37,"column":7}},"11":{"start":{"line":33,"column":8},"end":{"line":33,"column":36}},"12":{"start":{"line":34,"column":8},"end":{"line":34,"column":32}},"13":{"start":{"line":36,"column":8},"end":{"line":36,"column":26}},"14":{"start":{"line":39,"column":6},"end":{"line":39,"column":16}},"15":{"start":{"line":48,"column":27},"end":{"line":127,"column":1}},"16":{"start":{"line":50,"column":15},"end":{"line":52,"column":4}},"17":{"start":{"line":54,"column":2},"end":{"line":126,"column":3}},"18":{"start":{"line":56,"column":20},"end":{"line":64,"column":5}},"19":{"start":{"line":69,"column":4},"end":{"line":93,"column":5}},"20":{"start":{"line":70,"column":6},"end":{"line":70,"column":48}},"21":{"start":{"line":71,"column":6},"end":{"line":73,"column":9}},"22":{"start":{"line":75,"column":6},"end":{"line":82,"column":8}},"23":{"start":{"line":83,"column":6},"end":{"line":83,"column":33}},"24":{"start":{"line":86,"column":6},"end":{"line":89,"column":9}},"25":{"start":{"line":91,"column":6},"end":{"line":91,"column":52}},"26":{"start":{"line":91,"column":23},"end":{"line":91,"column":52}},"27":{"start":{"line":92,"column":6},"end":{"line":92,"column":16}},"28":{"start":{"line":94,"column":4},"end":{"line":94,"column":28}},"29":{"start":{"line":97,"column":4},"end":{"line":123,"column":5}},"30":{"start":{"line":98,"column":6},"end":{"line":98,"column":48}},"31":{"start":{"line":101,"column":6},"end":{"line":103,"column":7}},"32":{"start":{"line":102,"column":8},"end":{"line":102,"column":66}},"33":{"start":{"line":106,"column":6},"end":{"line":117,"column":9}},"34":{"start":{"line":119,"column":6},"end":{"line":119,"column":33}},"35":{"start":{"line":121,"column":6},"end":{"line":121,"column":52}},"36":{"start":{"line":121,"column":23},"end":{"line":121,"column":52}},"37":{"start":{"line":122,"column":6},"end":{"line":122,"column":16}},"38":{"start":{"line":125,"column":4},"end":{"line":125,"column":21}},"39":{"start":{"line":129,"column":22},"end":{"line":133,"column":1}},"40":{"start":{"line":135,"column":0},"end":{"line":149,"column":2}},"41":{"start":{"line":138,"column":29},"end":{"line":143,"column":5}},"42":{"start":{"line":145,"column":4},"end":{"line":147,"column":6}},"43":{"start":{"line":146,"column":6},"end":{"line":146,"column":15}},"44":{"start":{"line":155,"column":24},"end":{"line":160,"column":1}},"45":{"start":{"line":162,"column":0},"end":{"line":176,"column":2}},"46":{"start":{"line":165,"column":29},"end":{"line":170,"column":5}},"47":{"start":{"line":172,"column":4},"end":{"line":174,"column":6}},"48":{"start":{"line":173,"column":6},"end":{"line":173,"column":15}}},"fnMap":{"0":{"name":"(anonymous_0)","decl":{"start":{"line":21,"column":2},"end":{"line":21,"column":3}},"loc":{"start":{"line":21,"column":38},"end":{"line":41,"column":3}},"line":21},"1":{"name":"(anonymous_1)","decl":{"start":{"line":48,"column":27},"end":{"line":48,"column":28}},"loc":{"start":{"line":48,"column":71},"end":{"line":127,"column":1}},"line":48},"2":{"name":"(anonymous_2)","decl":{"start":{"line":137,"column":2},"end":{"line":137,"column":3}},"loc":{"start":{"line":137,"column":54},"end":{"line":148,"column":3}},"line":137},"3":{"name":"(anonymous_3)","decl":{"start":{"line":145,"column":63},"end":{"line":145,"column":64}},"loc":{"start":{"line":146,"column":6},"end":{"line":146,"column":15}},"line":146},"4":{"name":"(anonymous_4)","decl":{"start":{"line":164,"column":2},"end":{"line":164,"column":3}},"loc":{"start":{"line":164,"column":54},"end":{"line":175,"column":3}},"line":164},"5":{"name":"(anonymous_5)","decl":{"start":{"line":172,"column":65},"end":{"line":172,"column":66}},"loc":{"start":{"line":173,"column":6},"end":{"line":173,"column":15}},"line":173}},"branchMap":{"0":{"loc":{"start":{"line":28,"column":6},"end":{"line":37,"column":7}},"type":"if","locations":[{"start":{"line":28,"column":6},"end":{"line":37,"column":7}},{"start":{"line":28,"column":6},"end":{"line":37,"column":7}}],"line":28},"1":{"loc":{"start":{"line":29,"column":8},"end":{"line":31,"column":31}},"type":"binary-expr","locations":[{"start":{"line":29,"column":8},"end":{"line":29,"column":19}},{"start":{"line":30,"column":9},"end":{"line":30,"column":61}},{"start":{"line":31,"column":8},"end":{"line":31,"column":31}}],"line":29},"2":{"loc":{"start":{"line":54,"column":2},"end":{"line":126,"column":3}},"type":"if","locations":[{"start":{"line":54,"column":2},"end":{"line":126,"column":3}},{"start":{"line":54,"column":2},"end":{"line":126,"column":3}}],"line":54},"3":{"loc":{"start":{"line":91,"column":6},"end":{"line":91,"column":52}},"type":"if","locations":[{"start":{"line":91,"column":6},"end":{"line":91,"column":52}},{"start":{"line":91,"column":6},"end":{"line":91,"column":52}}],"line":91},"4":{"loc":{"start":{"line":101,"column":6},"end":{"line":103,"column":7}},"type":"if","locations":[{"start":{"line":101,"column":6},"end":{"line":103,"column":7}},{"start":{"line":101,"column":6},"end":{"line":103,"column":7}}],"line":101},"5":{"loc":{"start":{"line":121,"column":6},"end":{"line":121,"column":52}},"type":"if","locations":[{"start":{"line":121,"column":6},"end":{"line":121,"column":52}},{"start":{"line":121,"column":6},"end":{"line":121,"column":52}}],"line":121}},"s":{"0":7,"1":7,"2":7,"3":7,"4":7,"5":7,"6":7,"7":7,"8":4,"9":4,"10":4,"11":4,"12":4,"13":0,"14":0,"15":7,"16":2,"17":2,"18":2,"19":2,"20":2,"21":2,"22":2,"23":2,"24":2,"25":0,"26":0,"27":0,"28":2,"29":0,"30":0,"31":0,"32":0,"33":0,"34":0,"35":0,"36":0,"37":0,"38":0,"39":7,"40":7,"41":1,"42":1,"43":0,"44":7,"45":7,"46":1,"47":1,"48":0},"f":{"0":4,"1":2,"2":1,"3":0,"4":1,"5":0},"b":{"0":[4,0],"1":[4,4,4],"2":[2,0],"3":[0,0],"4":[0,0],"5":[0,0]},"_coverageSchema":"43e27e138ebf9cfc5966b082cf9a028302ed4184","hash":"8e30ee8dc5a9415271c6c57b11e956b15f6a68a4"}
,"C:\\Users\\Polzovatel\\Desktop\\Zazmic\\stage 2\\week 5\\Homework-5\\routes\\api\\v1\\auth.js": {"path":"C:\\Users\\Polzovatel\\Desktop\\Zazmic\\stage 2\\week 5\\Homework-5\\routes\\api\\v1\\auth.js","statementMap":{"0":{"start":{"line":1,"column":16},"end":{"line":1,"column":34}},"1":{"start":{"line":2,"column":21},"end":{"line":2,"column":53}},"2":{"start":{"line":3,"column":17},"end":{"line":3,"column":36}},"3":{"start":{"line":4,"column":12},"end":{"line":4,"column":35}},"4":{"start":{"line":6,"column":25},"end":{"line":6,"column":60}},"5":{"start":{"line":8,"column":20},"end":{"line":8,"column":61}},"6":{"start":{"line":9,"column":29},"end":{"line":9,"column":70}},"7":{"start":{"line":10,"column":23},"end":{"line":10,"column":56}},"8":{"start":{"line":11,"column":17},"end":{"line":11,"column":53}},"9":{"start":{"line":15,"column":4},"end":{"line":15,"column":34}},"10":{"start":{"line":17,"column":15},"end":{"line":17,"column":31}},"11":{"start":{"line":24,"column":0},"end":{"line":70,"column":2}},"12":{"start":{"line":29,"column":15},"end":{"line":29,"column":71}},"13":{"start":{"line":31,"column":4},"end":{"line":41,"column":5}},"14":{"start":{"line":32,"column":26},"end":{"line":37,"column":7}},"15":{"start":{"line":40,"column":6},"end":{"line":40,"column":44}},"16":{"start":{"line":44,"column":4},"end":{"line":68,"column":5}},"17":{"start":{"line":45,"column":6},"end":{"line":45,"column":31}},"18":{"start":{"line":48,"column":6},"end":{"line":67,"column":8}},"19":{"start":{"line":53,"column":10},"end":{"line":65,"column":11}},"20":{"start":{"line":53,"column":19},"end":{"line":53,"column":29}},"21":{"start":{"line":55,"column":12},"end":{"line":64,"column":13}},"22":{"start":{"line":57,"column":14},"end":{"line":57,"column":55}},"23":{"start":{"line":60,"column":14},"end":{"line":60,"column":35}},"24":{"start":{"line":61,"column":14},"end":{"line":61,"column":39}},"25":{"start":{"line":63,"column":14},"end":{"line":63,"column":26}},"26":{"start":{"line":77,"column":0},"end":{"line":104,"column":2}},"27":{"start":{"line":80,"column":4},"end":{"line":102,"column":7}},"28":{"start":{"line":81,"column":6},"end":{"line":101,"column":7}},"29":{"start":{"line":82,"column":8},"end":{"line":82,"column":77}},"30":{"start":{"line":85,"column":21},"end":{"line":85,"column":52}},"31":{"start":{"line":86,"column":8},"end":{"line":86,"column":49}},"32":{"start":{"line":89,"column":8},"end":{"line":100,"column":11}},"33":{"start":{"line":90,"column":10},"end":{"line":99,"column":11}},"34":{"start":{"line":90,"column":21},"end":{"line":90,"column":33}},"35":{"start":{"line":93,"column":12},"end":{"line":96,"column":15}},"36":{"start":{"line":98,"column":12},"end":{"line":98,"column":37}},"37":{"start":{"line":111,"column":0},"end":{"line":119,"column":2}},"38":{"start":{"line":117,"column":4},"end":{"line":117,"column":33}},"39":{"start":{"line":126,"column":0},"end":{"line":126,"column":43}},"40":{"start":{"line":137,"column":0},"end":{"line":150,"column":3}},"41":{"start":{"line":138,"column":18},"end":{"line":140,"column":3}},"42":{"start":{"line":142,"column":2},"end":{"line":149,"column":5}},"43":{"start":{"line":143,"column":4},"end":{"line":148,"column":5}},"44":{"start":{"line":143,"column":13},"end":{"line":143,"column":23}},"45":{"start":{"line":145,"column":6},"end":{"line":147,"column":9}},"46":{"start":{"line":157,"column":0},"end":{"line":164,"column":3}},"47":{"start":{"line":158,"column":2},"end":{"line":163,"column":5}},"48":{"start":{"line":159,"column":4},"end":{"line":162,"column":5}},"49":{"start":{"line":159,"column":13},"end":{"line":159,"column":23}},"50":{"start":{"line":161,"column":6},"end":{"line":161,"column":34}},"51":{"start":{"line":166,"column":0},"end":{"line":166,"column":24}}},"fnMap":{"0":{"name":"(anonymous_0)","decl":{"start":{"line":27,"column":15},"end":{"line":27,"column":16}},"loc":{"start":{"line":27,"column":41},"end":{"line":69,"column":3}},"line":27},"1":{"name":"(anonymous_1)","decl":{"start":{"line":52,"column":8},"end":{"line":52,"column":9}},"loc":{"start":{"line":52,"column":35},"end":{"line":66,"column":9}},"line":52},"2":{"name":"(anonymous_2)","decl":{"start":{"line":79,"column":15},"end":{"line":79,"column":16}},"loc":{"start":{"line":79,"column":41},"end":{"line":103,"column":3}},"line":79},"3":{"name":"(anonymous_3)","decl":{"start":{"line":80,"column":51},"end":{"line":80,"column":52}},"loc":{"start":{"line":80,"column":75},"end":{"line":102,"column":5}},"line":80},"4":{"name":"(anonymous_4)","decl":{"start":{"line":89,"column":24},"end":{"line":89,"column":25}},"loc":{"start":{"line":89,"column":35},"end":{"line":100,"column":9}},"line":89},"5":{"name":"(anonymous_5)","decl":{"start":{"line":116,"column":2},"end":{"line":116,"column":3}},"loc":{"start":{"line":116,"column":16},"end":{"line":118,"column":3}},"line":116},"6":{"name":"(anonymous_6)","decl":{"start":{"line":137,"column":24},"end":{"line":137,"column":25}},"loc":{"start":{"line":137,"column":44},"end":{"line":150,"column":1}},"line":137},"7":{"name":"(anonymous_7)","decl":{"start":{"line":142,"column":59},"end":{"line":142,"column":60}},"loc":{"start":{"line":142,"column":75},"end":{"line":149,"column":3}},"line":142},"8":{"name":"(anonymous_8)","decl":{"start":{"line":157,"column":24},"end":{"line":157,"column":25}},"loc":{"start":{"line":157,"column":44},"end":{"line":164,"column":1}},"line":157},"9":{"name":"(anonymous_9)","decl":{"start":{"line":158,"column":50},"end":{"line":158,"column":51}},"loc":{"start":{"line":158,"column":68},"end":{"line":163,"column":3}},"line":158}},"branchMap":{"0":{"loc":{"start":{"line":31,"column":4},"end":{"line":41,"column":5}},"type":"if","locations":[{"start":{"line":31,"column":4},"end":{"line":41,"column":5}},{"start":{"line":31,"column":4},"end":{"line":41,"column":5}}],"line":31},"1":{"loc":{"start":{"line":44,"column":4},"end":{"line":68,"column":5}},"type":"if","locations":[{"start":{"line":44,"column":4},"end":{"line":68,"column":5}},{"start":{"line":44,"column":4},"end":{"line":68,"column":5}}],"line":44},"2":{"loc":{"start":{"line":53,"column":10},"end":{"line":65,"column":11}},"type":"if","locations":[{"start":{"line":53,"column":10},"end":{"line":65,"column":11}},{"start":{"line":53,"column":10},"end":{"line":65,"column":11}}],"line":53},"3":{"loc":{"start":{"line":81,"column":6},"end":{"line":101,"column":7}},"type":"if","locations":[{"start":{"line":81,"column":6},"end":{"line":101,"column":7}},{"start":{"line":81,"column":6},"end":{"line":101,"column":7}}],"line":81},"4":{"loc":{"start":{"line":90,"column":10},"end":{"line":99,"column":11}},"type":"if","locations":[{"start":{"line":90,"column":10},"end":{"line":99,"column":11}},{"start":{"line":90,"column":10},"end":{"line":99,"column":11}}],"line":90},"5":{"loc":{"start":{"line":143,"column":4},"end":{"line":148,"column":5}},"type":"if","locations":[{"start":{"line":143,"column":4},"end":{"line":148,"column":5}},{"start":{"line":143,"column":4},"end":{"line":148,"column":5}}],"line":143},"6":{"loc":{"start":{"line":159,"column":4},"end":{"line":162,"column":5}},"type":"if","locations":[{"start":{"line":159,"column":4},"end":{"line":162,"column":5}},{"start":{"line":159,"column":4},"end":{"line":162,"column":5}}],"line":159}},"s":{"0":7,"1":7,"2":7,"3":7,"4":7,"5":7,"6":7,"7":7,"8":7,"9":7,"10":7,"11":7,"12":1,"13":1,"14":1,"15":1,"16":1,"17":0,"18":1,"19":1,"20":0,"21":1,"22":1,"23":1,"24":1,"25":0,"26":7,"27":0,"28":0,"29":0,"30":0,"31":0,"32":0,"33":0,"34":0,"35":0,"36":0,"37":7,"38":4,"39":7,"40":7,"41":0,"42":0,"43":0,"44":0,"45":0,"46":7,"47":0,"48":0,"49":0,"50":0,"51":7},"f":{"0":1,"1":1,"2":0,"3":0,"4":0,"5":4,"6":0,"7":0,"8":0,"9":0},"b":{"0":[1,0],"1":[0,1],"2":[0,1],"3":[0,0],"4":[0,0],"5":[0,0],"6":[0,0]},"_coverageSchema":"43e27e138ebf9cfc5966b082cf9a028302ed4184","hash":"541d1225f28f9774f94c0e404a9bcdfb10a9284e"}
,"C:\\Users\\Polzovatel\\Desktop\\Zazmic\\stage 2\\week 5\\Homework-5\\routes\\api\\v1\\blog.js": {"path":"C:\\Users\\Polzovatel\\Desktop\\Zazmic\\stage 2\\week 5\\Homework-5\\routes\\api\\v1\\blog.js","statementMap":{"0":{"start":{"line":1,"column":16},"end":{"line":1,"column":34}},"1":{"start":{"line":2,"column":15},"end":{"line":2,"column":32}},"2":{"start":{"line":3,"column":21},"end":{"line":3,"column":53}},"3":{"start":{"line":5,"column":23},"end":{"line":5,"column":51}},"4":{"start":{"line":6,"column":30},"end":{"line":6,"column":60}},"5":{"start":{"line":7,"column":26},"end":{"line":7,"column":71}},"6":{"start":{"line":10,"column":24},"end":{"line":10,"column":58}},"7":{"start":{"line":11,"column":23},"end":{"line":11,"column":63}},"8":{"start":{"line":13,"column":16},"end":{"line":19,"column":2}},"9":{"start":{"line":21,"column":15},"end":{"line":26,"column":2}},"10":{"start":{"line":29,"column":26},"end":{"line":29,"column":62}},"11":{"start":{"line":30,"column":25},"end":{"line":30,"column":60}},"12":{"start":{"line":33,"column":38},"end":{"line":33,"column":71}},"13":{"start":{"line":36,"column":39},"end":{"line":36,"column":79}},"14":{"start":{"line":39,"column":20},"end":{"line":44,"column":2}},"15":{"start":{"line":39,"column":30},"end":{"line":44,"column":1}},"16":{"start":{"line":46,"column":15},"end":{"line":46,"column":31}},"17":{"start":{"line":53,"column":0},"end":{"line":87,"column":2}},"18":{"start":{"line":56,"column":22},"end":{"line":56,"column":31}},"19":{"start":{"line":59,"column":17},"end":{"line":68,"column":5}},"20":{"start":{"line":70,"column":4},"end":{"line":70,"column":46}},"21":{"start":{"line":70,"column":15},"end":{"line":70,"column":46}},"22":{"start":{"line":73,"column":19},"end":{"line":73,"column":46}},"23":{"start":{"line":76,"column":21},"end":{"line":76,"column":46}},"24":{"start":{"line":78,"column":4},"end":{"line":82,"column":7}},"25":{"start":{"line":79,"column":17},"end":{"line":79,"column":69}},"26":{"start":{"line":79,"column":40},"end":{"line":79,"column":68}},"27":{"start":{"line":80,"column":20},"end":{"line":80,"column":37}},"28":{"start":{"line":81,"column":6},"end":{"line":81,"column":35}},"29":{"start":{"line":85,"column":4},"end":{"line":85,"column":33}},"30":{"start":{"line":94,"column":0},"end":{"line":138,"column":2}},"31":{"start":{"line":97,"column":15},"end":{"line":97,"column":36}},"32":{"start":{"line":100,"column":24},"end":{"line":104,"column":6}},"33":{"start":{"line":106,"column":4},"end":{"line":109,"column":5}},"34":{"start":{"line":107,"column":6},"end":{"line":107,"column":22}},"35":{"start":{"line":108,"column":6},"end":{"line":108,"column":34}},"36":{"start":{"line":112,"column":21},"end":{"line":123,"column":5}},"37":{"start":{"line":126,"column":4},"end":{"line":133,"column":7}},"38":{"start":{"line":135,"column":4},"end":{"line":135,"column":58}},"39":{"start":{"line":136,"column":4},"end":{"line":136,"column":36}},"40":{"start":{"line":145,"column":0},"end":{"line":187,"column":2}},"41":{"start":{"line":151,"column":15},"end":{"line":151,"column":36}},"42":{"start":{"line":154,"column":27},"end":{"line":154,"column":43}},"43":{"start":{"line":155,"column":4},"end":{"line":155,"column":56}},"44":{"start":{"line":155,"column":18},"end":{"line":155,"column":56}},"45":{"start":{"line":158,"column":20},"end":{"line":158,"column":46}},"46":{"start":{"line":159,"column":4},"end":{"line":162,"column":5}},"47":{"start":{"line":160,"column":6},"end":{"line":160,"column":22}},"48":{"start":{"line":161,"column":6},"end":{"line":161,"column":34}},"49":{"start":{"line":164,"column":30},"end":{"line":164,"column":45}},"50":{"start":{"line":167,"column":4},"end":{"line":170,"column":5}},"51":{"start":{"line":168,"column":6},"end":{"line":168,"column":22}},"52":{"start":{"line":169,"column":6},"end":{"line":169,"column":38}},"53":{"start":{"line":171,"column":4},"end":{"line":171,"column":41}},"54":{"start":{"line":174,"column":4},"end":{"line":176,"column":5}},"55":{"start":{"line":175,"column":6},"end":{"line":175,"column":42}},"56":{"start":{"line":179,"column":4},"end":{"line":182,"column":7}},"57":{"start":{"line":185,"column":4},"end":{"line":185,"column":32}},"58":{"start":{"line":194,"column":0},"end":{"line":223,"column":2}},"59":{"start":{"line":201,"column":27},"end":{"line":201,"column":43}},"60":{"start":{"line":202,"column":4},"end":{"line":202,"column":60}},"61":{"start":{"line":205,"column":23},"end":{"line":205,"column":59}},"62":{"start":{"line":208,"column":4},"end":{"line":212,"column":7}},"63":{"start":{"line":215,"column":4},"end":{"line":218,"column":7}},"64":{"start":{"line":221,"column":4},"end":{"line":221,"column":35}},"65":{"start":{"line":230,"column":0},"end":{"line":271,"column":2}},"66":{"start":{"line":234,"column":15},"end":{"line":234,"column":36}},"67":{"start":{"line":237,"column":29},"end":{"line":237,"column":55}},"68":{"start":{"line":238,"column":4},"end":{"line":241,"column":5}},"69":{"start":{"line":239,"column":6},"end":{"line":239,"column":22}},"70":{"start":{"line":240,"column":6},"end":{"line":240,"column":34}},"71":{"start":{"line":244,"column":4},"end":{"line":247,"column":5}},"72":{"start":{"line":245,"column":6},"end":{"line":245,"column":22}},"73":{"start":{"line":246,"column":6},"end":{"line":246,"column":38}},"74":{"start":{"line":249,"column":27},"end":{"line":249,"column":51}},"75":{"start":{"line":250,"column":4},"end":{"line":250,"column":37}},"76":{"start":{"line":253,"column":4},"end":{"line":255,"column":5}},"77":{"start":{"line":254,"column":6},"end":{"line":254,"column":39}},"78":{"start":{"line":258,"column":4},"end":{"line":260,"column":7}},"79":{"start":{"line":263,"column":4},"end":{"line":266,"column":7}},"80":{"start":{"line":269,"column":4},"end":{"line":269,"column":15}},"81":{"start":{"line":273,"column":0},"end":{"line":273,"column":24}}},"fnMap":{"0":{"name":"(anonymous_0)","decl":{"start":{"line":39,"column":20},"end":{"line":39,"column":21}},"loc":{"start":{"line":39,"column":30},"end":{"line":44,"column":1}},"line":39},"1":{"name":"(anonymous_1)","decl":{"start":{"line":55,"column":15},"end":{"line":55,"column":16}},"loc":{"start":{"line":55,"column":41},"end":{"line":86,"column":3}},"line":55},"2":{"name":"(anonymous_2)","decl":{"start":{"line":78,"column":28},"end":{"line":78,"column":29}},"loc":{"start":{"line":78,"column":41},"end":{"line":82,"column":5}},"line":78},"3":{"name":"(anonymous_3)","decl":{"start":{"line":79,"column":31},"end":{"line":79,"column":32}},"loc":{"start":{"line":79,"column":40},"end":{"line":79,"column":68}},"line":79},"4":{"name":"(anonymous_4)","decl":{"start":{"line":96,"column":15},"end":{"line":96,"column":16}},"loc":{"start":{"line":96,"column":41},"end":{"line":137,"column":3}},"line":96},"5":{"name":"(anonymous_5)","decl":{"start":{"line":150,"column":15},"end":{"line":150,"column":16}},"loc":{"start":{"line":150,"column":41},"end":{"line":186,"column":3}},"line":150},"6":{"name":"(anonymous_6)","decl":{"start":{"line":199,"column":15},"end":{"line":199,"column":16}},"loc":{"start":{"line":199,"column":41},"end":{"line":222,"column":3}},"line":199},"7":{"name":"(anonymous_7)","decl":{"start":{"line":233,"column":15},"end":{"line":233,"column":16}},"loc":{"start":{"line":233,"column":41},"end":{"line":270,"column":3}},"line":233}},"branchMap":{"0":{"loc":{"start":{"line":70,"column":4},"end":{"line":70,"column":46}},"type":"if","locations":[{"start":{"line":70,"column":4},"end":{"line":70,"column":46}},{"start":{"line":70,"column":4},"end":{"line":70,"column":46}}],"line":70},"1":{"loc":{"start":{"line":80,"column":20},"end":{"line":80,"column":37}},"type":"cond-expr","locations":[{"start":{"line":80,"column":25},"end":{"line":80,"column":33}},{"start":{"line":80,"column":36},"end":{"line":80,"column":37}}],"line":80},"2":{"loc":{"start":{"line":106,"column":4},"end":{"line":109,"column":5}},"type":"if","locations":[{"start":{"line":106,"column":4},"end":{"line":109,"column":5}},{"start":{"line":106,"column":4},"end":{"line":109,"column":5}}],"line":106},"3":{"loc":{"start":{"line":135,"column":24},"end":{"line":135,"column":57}},"type":"cond-expr","locations":[{"start":{"line":135,"column":35},"end":{"line":135,"column":53}},{"start":{"line":135,"column":56},"end":{"line":135,"column":57}}],"line":135},"4":{"loc":{"start":{"line":155,"column":4},"end":{"line":155,"column":56}},"type":"if","locations":[{"start":{"line":155,"column":4},"end":{"line":155,"column":56}},{"start":{"line":155,"column":4},"end":{"line":155,"column":56}}],"line":155},"5":{"loc":{"start":{"line":159,"column":4},"end":{"line":162,"column":5}},"type":"if","locations":[{"start":{"line":159,"column":4},"end":{"line":162,"column":5}},{"start":{"line":159,"column":4},"end":{"line":162,"column":5}}],"line":159},"6":{"loc":{"start":{"line":167,"column":4},"end":{"line":170,"column":5}},"type":"if","locations":[{"start":{"line":167,"column":4},"end":{"line":170,"column":5}},{"start":{"line":167,"column":4},"end":{"line":170,"column":5}}],"line":167},"7":{"loc":{"start":{"line":174,"column":4},"end":{"line":176,"column":5}},"type":"if","locations":[{"start":{"line":174,"column":4},"end":{"line":176,"column":5}},{"start":{"line":174,"column":4},"end":{"line":176,"column":5}}],"line":174},"8":{"loc":{"start":{"line":174,"column":8},"end":{"line":174,"column":66}},"type":"binary-expr","locations":[{"start":{"line":174,"column":8},"end":{"line":174,"column":25}},{"start":{"line":174,"column":29},"end":{"line":174,"column":66}}],"line":174},"9":{"loc":{"start":{"line":202,"column":29},"end":{"line":202,"column":59}},"type":"cond-expr","locations":[{"start":{"line":202,"column":40},"end":{"line":202,"column":52}},{"start":{"line":202,"column":55},"end":{"line":202,"column":59}}],"line":202},"10":{"loc":{"start":{"line":238,"column":4},"end":{"line":241,"column":5}},"type":"if","locations":[{"start":{"line":238,"column":4},"end":{"line":241,"column":5}},{"start":{"line":238,"column":4},"end":{"line":241,"column":5}}],"line":238},"11":{"loc":{"start":{"line":244,"column":4},"end":{"line":247,"column":5}},"type":"if","locations":[{"start":{"line":244,"column":4},"end":{"line":247,"column":5}},{"start":{"line":244,"column":4},"end":{"line":247,"column":5}}],"line":244},"12":{"loc":{"start":{"line":253,"column":4},"end":{"line":255,"column":5}},"type":"if","locations":[{"start":{"line":253,"column":4},"end":{"line":255,"column":5}},{"start":{"line":253,"column":4},"end":{"line":255,"column":5}}],"line":253}},"s":{"0":7,"1":7,"2":7,"3":7,"4":7,"5":7,"6":7,"7":7,"8":7,"9":7,"10":7,"11":7,"12":7,"13":7,"14":7,"15":3,"16":7,"17":7,"18":1,"19":1,"20":1,"21":0,"22":1,"23":1,"24":1,"25":1,"26":0,"27":1,"28":1,"29":1,"30":7,"31":4,"32":4,"33":4,"34":1,"35":1,"36":3,"37":3,"38":3,"39":3,"40":7,"41":2,"42":2,"43":2,"44":2,"45":2,"46":2,"47":1,"48":1,"49":1,"50":1,"51":0,"52":0,"53":1,"54":1,"55":0,"56":1,"57":1,"58":7,"59":1,"60":1,"61":1,"62":1,"63":1,"64":1,"65":7,"66":2,"67":2,"68":2,"69":1,"70":1,"71":1,"72":0,"73":0,"74":1,"75":1,"76":1,"77":1,"78":1,"79":1,"80":1,"81":7},"f":{"0":3,"1":1,"2":1,"3":0,"4":4,"5":2,"6":1,"7":2},"b":{"0":[0,1],"1":[0,1],"2":[1,3],"3":[0,3],"4":[2,0],"5":[1,1],"6":[0,1],"7":[0,1],"8":[1,0],"9":[1,0],"10":[1,1],"11":[0,1],"12":[1,0]},"_coverageSchema":"43e27e138ebf9cfc5966b082cf9a028302ed4184","hash":"c2cd67f3b7c3d5ebb649d46a40650a964b7321b5"}
,"C:\\Users\\Polzovatel\\Desktop\\Zazmic\\stage 2\\week 5\\Homework-5\\routes\\api\\v1\\comments.js": {"path":"C:\\Users\\Polzovatel\\Desktop\\Zazmic\\stage 2\\week 5\\Homework-5\\routes\\api\\v1\\comments.js","statementMap":{"0":{"start":{"line":1,"column":16},"end":{"line":1,"column":34}},"1":{"start":{"line":2,"column":21},"end":{"line":2,"column":53}},"2":{"start":{"line":3,"column":15},"end":{"line":3,"column":35}},"3":{"start":{"line":5,"column":23},"end":{"line":5,"column":51}},"4":{"start":{"line":8,"column":26},"end":{"line":8,"column":62}},"5":{"start":{"line":11,"column":23},"end":{"line":11,"column":56}},"6":{"start":{"line":13,"column":30},"end":{"line":13,"column":60}},"7":{"start":{"line":19,"column":4},"end":{"line":19,"column":44}},"8":{"start":{"line":21,"column":15},"end":{"line":21,"column":31}},"9":{"start":{"line":28,"column":0},"end":{"line":51,"column":2}},"10":{"start":{"line":31,"column":22},"end":{"line":31,"column":50}},"11":{"start":{"line":32,"column":18},"end":{"line":32,"column":41}},"12":{"start":{"line":35,"column":17},"end":{"line":42,"column":5}},"13":{"start":{"line":43,"column":4},"end":{"line":43,"column":50}},"14":{"start":{"line":43,"column":15},"end":{"line":43,"column":50}},"15":{"start":{"line":46,"column":32},"end":{"line":46,"column":59}},"16":{"start":{"line":49,"column":4},"end":{"line":49,"column":44}},"17":{"start":{"line":58,"column":0},"end":{"line":95,"column":2}},"18":{"start":{"line":63,"column":22},"end":{"line":63,"column":50}},"19":{"start":{"line":66,"column":23},"end":{"line":70,"column":5}},"20":{"start":{"line":73,"column":21},"end":{"line":73,"column":53}},"21":{"start":{"line":76,"column":4},"end":{"line":79,"column":7}},"22":{"start":{"line":82,"column":4},"end":{"line":82,"column":49}},"23":{"start":{"line":83,"column":4},"end":{"line":83,"column":33}},"24":{"start":{"line":86,"column":19},"end":{"line":86,"column":33}},"25":{"start":{"line":87,"column":4},"end":{"line":90,"column":7}},"26":{"start":{"line":93,"column":4},"end":{"line":93,"column":35}},"27":{"start":{"line":102,"column":0},"end":{"line":139,"column":2}},"28":{"start":{"line":106,"column":22},"end":{"line":106,"column":50}},"29":{"start":{"line":107,"column":15},"end":{"line":107,"column":36}},"30":{"start":{"line":110,"column":29},"end":{"line":110,"column":55}},"31":{"start":{"line":111,"column":4},"end":{"line":114,"column":5}},"32":{"start":{"line":112,"column":6},"end":{"line":112,"column":22}},"33":{"start":{"line":113,"column":6},"end":{"line":113,"column":37}},"34":{"start":{"line":117,"column":4},"end":{"line":120,"column":5}},"35":{"start":{"line":118,"column":6},"end":{"line":118,"column":22}},"36":{"start":{"line":119,"column":6},"end":{"line":119,"column":38}},"37":{"start":{"line":123,"column":19},"end":{"line":123,"column":33}},"38":{"start":{"line":124,"column":4},"end":{"line":127,"column":7}},"39":{"start":{"line":128,"column":4},"end":{"line":128,"column":37}},"40":{"start":{"line":131,"column":4},"end":{"line":134,"column":7}},"41":{"start":{"line":137,"column":4},"end":{"line":137,"column":15}},"42":{"start":{"line":141,"column":0},"end":{"line":141,"column":24}}},"fnMap":{"0":{"name":"(anonymous_0)","decl":{"start":{"line":30,"column":15},"end":{"line":30,"column":16}},"loc":{"start":{"line":30,"column":41},"end":{"line":50,"column":3}},"line":30},"1":{"name":"(anonymous_1)","decl":{"start":{"line":62,"column":15},"end":{"line":62,"column":16}},"loc":{"start":{"line":62,"column":41},"end":{"line":94,"column":3}},"line":62},"2":{"name":"(anonymous_2)","decl":{"start":{"line":105,"column":15},"end":{"line":105,"column":16}},"loc":{"start":{"line":105,"column":41},"end":{"line":138,"column":3}},"line":105}},"branchMap":{"0":{"loc":{"start":{"line":43,"column":4},"end":{"line":43,"column":50}},"type":"if","locations":[{"start":{"line":43,"column":4},"end":{"line":43,"column":50}},{"start":{"line":43,"column":4},"end":{"line":43,"column":50}}],"line":43},"1":{"loc":{"start":{"line":111,"column":4},"end":{"line":114,"column":5}},"type":"if","locations":[{"start":{"line":111,"column":4},"end":{"line":114,"column":5}},{"start":{"line":111,"column":4},"end":{"line":114,"column":5}}],"line":111},"2":{"loc":{"start":{"line":117,"column":4},"end":{"line":120,"column":5}},"type":"if","locations":[{"start":{"line":117,"column":4},"end":{"line":120,"column":5}},{"start":{"line":117,"column":4},"end":{"line":120,"column":5}}],"line":117}},"s":{"0":7,"1":7,"2":7,"3":7,"4":7,"5":7,"6":7,"7":7,"8":7,"9":7,"10":1,"11":1,"12":1,"13":1,"14":0,"15":1,"16":1,"17":7,"18":1,"19":1,"20":1,"21":1,"22":1,"23":1,"24":1,"25":1,"26":1,"27":7,"28":3,"29":3,"30":3,"31":3,"32":1,"33":1,"34":2,"35":1,"36":1,"37":1,"38":1,"39":1,"40":1,"41":1,"42":7},"f":{"0":1,"1":1,"2":3},"b":{"0":[0,1],"1":[1,2],"2":[1,1]},"_coverageSchema":"43e27e138ebf9cfc5966b082cf9a028302ed4184","hash":"46f794badea416ae4da0ff2bf14604c62a1e8c1d"}
,"C:\\Users\\Polzovatel\\Desktop\\Zazmic\\stage 2\\week 5\\Homework-5\\routes\\api\\v1\\fees.js": {"path":"C:\\Users\\Polzovatel\\Desktop\\Zazmic\\stage 2\\week 5\\Homework-5\\routes\\api\\v1\\fees.js","statementMap":{"0":{"start":{"line":1,"column":16},"end":{"line":1,"column":34}},"1":{"start":{"line":2,"column":21},"end":{"line":2,"column":53}},"2":{"start":{"line":4,"column":23},"end":{"line":4,"column":51}},"3":{"start":{"line":9,"column":4},"end":{"line":9,"column":47}},"4":{"start":{"line":14,"column":4},"end":{"line":14,"column":45}},"5":{"start":{"line":16,"column":14},"end":{"line":16,"column":17}},"6":{"start":{"line":18,"column":15},"end":{"line":18,"column":31}},"7":{"start":{"line":25,"column":0},"end":{"line":42,"column":2}},"8":{"start":{"line":29,"column":21},"end":{"line":29,"column":24}},"9":{"start":{"line":31,"column":4},"end":{"line":40,"column":5}},"10":{"start":{"line":33,"column":20},"end":{"line":33,"column":66}},"11":{"start":{"line":34,"column":21},"end":{"line":34,"column":58}},"12":{"start":{"line":37,"column":6},"end":{"line":37,"column":37}},"13":{"start":{"line":39,"column":6},"end":{"line":39,"column":44}},"14":{"start":{"line":49,"column":0},"end":{"line":77,"column":2}},"15":{"start":{"line":53,"column":25},"end":{"line":53,"column":54}},"16":{"start":{"line":54,"column":21},"end":{"line":54,"column":24}},"17":{"start":{"line":57,"column":19},"end":{"line":57,"column":57}},"18":{"start":{"line":60,"column":4},"end":{"line":60,"column":60}},"19":{"start":{"line":63,"column":18},"end":{"line":63,"column":64}},"20":{"start":{"line":65,"column":4},"end":{"line":70,"column":5}},"21":{"start":{"line":66,"column":6},"end":{"line":66,"column":42}},"22":{"start":{"line":69,"column":6},"end":{"line":69,"column":38}},"23":{"start":{"line":72,"column":19},"end":{"line":72,"column":56}},"24":{"start":{"line":75,"column":4},"end":{"line":75,"column":41}},"25":{"start":{"line":79,"column":0},"end":{"line":79,"column":24}}},"fnMap":{"0":{"name":"(anonymous_0)","decl":{"start":{"line":28,"column":15},"end":{"line":28,"column":16}},"loc":{"start":{"line":28,"column":41},"end":{"line":41,"column":3}},"line":28},"1":{"name":"(anonymous_1)","decl":{"start":{"line":52,"column":15},"end":{"line":52,"column":16}},"loc":{"start":{"line":52,"column":41},"end":{"line":76,"column":3}},"line":52}},"branchMap":{"0":{"loc":{"start":{"line":31,"column":4},"end":{"line":40,"column":5}},"type":"if","locations":[{"start":{"line":31,"column":4},"end":{"line":40,"column":5}},{"start":{"line":31,"column":4},"end":{"line":40,"column":5}}],"line":31},"1":{"loc":{"start":{"line":34,"column":21},"end":{"line":34,"column":58}},"type":"cond-expr","locations":[{"start":{"line":34,"column":41},"end":{"line":34,"column":54}},{"start":{"line":34,"column":57},"end":{"line":34,"column":58}}],"line":34},"2":{"loc":{"start":{"line":65,"column":4},"end":{"line":70,"column":5}},"type":"if","locations":[{"start":{"line":65,"column":4},"end":{"line":70,"column":5}},{"start":{"line":65,"column":4},"end":{"line":70,"column":5}}],"line":65},"3":{"loc":{"start":{"line":65,"column":8},"end":{"line":65,"column":38}},"type":"binary-expr","locations":[{"start":{"line":65,"column":8},"end":{"line":65,"column":20}},{"start":{"line":65,"column":24},"end":{"line":65,"column":38}}],"line":65},"4":{"loc":{"start":{"line":72,"column":19},"end":{"line":72,"column":56}},"type":"cond-expr","locations":[{"start":{"line":72,"column":39},"end":{"line":72,"column":52}},{"start":{"line":72,"column":55},"end":{"line":72,"column":56}}],"line":72}},"s":{"0":7,"1":7,"2":7,"3":7,"4":7,"5":7,"6":7,"7":7,"8":2,"9":2,"10":1,"11":1,"12":1,"13":1,"14":7,"15":1,"16":1,"17":1,"18":1,"19":1,"20":1,"21":1,"22":1,"23":1,"24":1,"25":7},"f":{"0":2,"1":1},"b":{"0":[1,1],"1":[1,0],"2":[1,0],"3":[1,1],"4":[0,1]},"_coverageSchema":"43e27e138ebf9cfc5966b082cf9a028302ed4184","hash":"e0311b80e12e3d8a521e5025b98992fdd5e67fa4"}
,"C:\\Users\\Polzovatel\\Desktop\\Zazmic\\stage 2\\week 5\\Homework-5\\routes\\api\\v1\\index.js": {"path":"C:\\Users\\Polzovatel\\Desktop\\Zazmic\\stage 2\\week 5\\Homework-5\\routes\\api\\v1\\index.js","statementMap":{"0":{"start":{"line":1,"column":16},"end":{"line":1,"column":34}},"1":{"start":{"line":3,"column":23},"end":{"line":3,"column":58}},"2":{"start":{"line":5,"column":19},"end":{"line":5,"column":36}},"3":{"start":{"line":6,"column":20},"end":{"line":6,"column":38}},"4":{"start":{"line":7,"column":19},"end":{"line":7,"column":36}},"5":{"start":{"line":8,"column":23},"end":{"line":8,"column":44}},"6":{"start":{"line":9,"column":20},"end":{"line":9,"column":38}},"7":{"start":{"line":10,"column":22},"end":{"line":10,"column":42}},"8":{"start":{"line":11,"column":19},"end":{"line":11,"column":36}},"9":{"start":{"line":13,"column":18},"end":{"line":13,"column":34}},"10":{"start":{"line":15,"column":0},"end":{"line":15,"column":51}},"11":{"start":{"line":16,"column":0},"end":{"line":16,"column":47}},"12":{"start":{"line":17,"column":0},"end":{"line":17,"column":49}},"13":{"start":{"line":18,"column":0},"end":{"line":18,"column":53}},"14":{"start":{"line":19,"column":0},"end":{"line":19,"column":37}},"15":{"start":{"line":20,"column":0},"end":{"line":20,"column":35}},"16":{"start":{"line":21,"column":0},"end":{"line":21,"column":31}},"17":{"start":{"line":23,"column":0},"end":{"line":23,"column":27}}},"fnMap":{},"branchMap":{},"s":{"0":7,"1":7,"2":7,"3":7,"4":7,"5":7,"6":7,"7":7,"8":7,"9":7,"10":7,"11":7,"12":7,"13":7,"14":7,"15":7,"16":7,"17":7},"f":{},"b":{},"_coverageSchema":"43e27e138ebf9cfc5966b082cf9a028302ed4184","hash":"1fb9eac5da65e5826878f8890bef483545afc4d7"}
,"C:\\Users\\Polzovatel\\Desktop\\Zazmic\\stage 2\\week 5\\Homework-5\\routes\\api\\v1\\oauth.js": {"path":"C:\\Users\\Polzovatel\\Desktop\\Zazmic\\stage 2\\week 5\\Homework-5\\routes\\api\\v1\\oauth.js","statementMap":{"0":{"start":{"line":1,"column":16},"end":{"line":1,"column":34}},"1":{"start":{"line":2,"column":17},"end":{"line":2,"column":36}},"2":{"start":{"line":4,"column":15},"end":{"line":4,"column":31}},"3":{"start":{"line":11,"column":0},"end":{"line":14,"column":2}},"4":{"start":{"line":21,"column":0},"end":{"line":29,"column":2}},"5":{"start":{"line":25,"column":4},"end":{"line":27,"column":7}},"6":{"start":{"line":36,"column":0},"end":{"line":41,"column":2}},"7":{"start":{"line":48,"column":0},"end":{"line":56,"column":2}},"8":{"start":{"line":52,"column":4},"end":{"line":54,"column":7}},"9":{"start":{"line":58,"column":0},"end":{"line":58,"column":24}}},"fnMap":{"0":{"name":"(anonymous_0)","decl":{"start":{"line":24,"column":2},"end":{"line":24,"column":3}},"loc":{"start":{"line":24,"column":22},"end":{"line":28,"column":3}},"line":24},"1":{"name":"(anonymous_1)","decl":{"start":{"line":51,"column":2},"end":{"line":51,"column":3}},"loc":{"start":{"line":51,"column":22},"end":{"line":55,"column":3}},"line":51}},"branchMap":{},"s":{"0":7,"1":7,"2":7,"3":7,"4":7,"5":1,"6":7,"7":7,"8":1,"9":7},"f":{"0":1,"1":1},"b":{},"_coverageSchema":"43e27e138ebf9cfc5966b082cf9a028302ed4184","hash":"e405d385a0fdd520501079e340ddd9ff55a04146"}
,"C:\\Users\\Polzovatel\\Desktop\\Zazmic\\stage 2\\week 5\\Homework-5\\routes\\api\\v1\\profile.js": {"path":"C:\\Users\\Polzovatel\\Desktop\\Zazmic\\stage 2\\week 5\\Homework-5\\routes\\api\\v1\\profile.js","statementMap":{"0":{"start":{"line":1,"column":16},"end":{"line":1,"column":34}},"1":{"start":{"line":2,"column":21},"end":{"line":2,"column":53}},"2":{"start":{"line":3,"column":15},"end":{"line":3,"column":35}},"3":{"start":{"line":5,"column":20},"end":{"line":5,"column":61}},"4":{"start":{"line":10,"column":4},"end":{"line":10,"column":47}},"5":{"start":{"line":11,"column":23},"end":{"line":11,"column":51}},"6":{"start":{"line":12,"column":34},"end":{"line":12,"column":64}},"7":{"start":{"line":15,"column":15},"end":{"line":15,"column":32}},"8":{"start":{"line":17,"column":18},"end":{"line":17,"column":52}},"9":{"start":{"line":18,"column":23},"end":{"line":18,"column":63}},"10":{"start":{"line":20,"column":16},"end":{"line":26,"column":2}},"11":{"start":{"line":28,"column":15},"end":{"line":33,"column":2}},"12":{"start":{"line":36,"column":20},"end":{"line":36,"column":56}},"13":{"start":{"line":37,"column":25},"end":{"line":37,"column":60}},"14":{"start":{"line":40,"column":23},"end":{"line":40,"column":56}},"15":{"start":{"line":42,"column":15},"end":{"line":42,"column":31}},"16":{"start":{"line":49,"column":0},"end":{"line":72,"column":2}},"17":{"start":{"line":54,"column":19},"end":{"line":54,"column":27}},"18":{"start":{"line":56,"column":21},"end":{"line":59,"column":5}},"19":{"start":{"line":62,"column":4},"end":{"line":62,"column":36}},"20":{"start":{"line":65,"column":4},"end":{"line":68,"column":7}},"21":{"start":{"line":70,"column":4},"end":{"line":70,"column":33}},"22":{"start":{"line":79,"column":0},"end":{"line":126,"column":2}},"23":{"start":{"line":83,"column":19},"end":{"line":83,"column":27}},"24":{"start":{"line":85,"column":30},"end":{"line":85,"column":46}},"25":{"start":{"line":88,"column":27},"end":{"line":97,"column":6}},"26":{"start":{"line":98,"column":4},"end":{"line":98,"column":62}},"27":{"start":{"line":98,"column":51},"end":{"line":98,"column":60}},"28":{"start":{"line":101,"column":22},"end":{"line":101,"column":46}},"29":{"start":{"line":104,"column":4},"end":{"line":106,"column":5}},"30":{"start":{"line":105,"column":6},"end":{"line":105,"column":42}},"31":{"start":{"line":109,"column":4},"end":{"line":111,"column":5}},"32":{"start":{"line":110,"column":6},"end":{"line":110,"column":72}},"33":{"start":{"line":110,"column":54},"end":{"line":110,"column":69}},"34":{"start":{"line":114,"column":4},"end":{"line":116,"column":7}},"35":{"start":{"line":119,"column":4},"end":{"line":122,"column":7}},"36":{"start":{"line":124,"column":4},"end":{"line":124,"column":45}},"37":{"start":{"line":133,"column":0},"end":{"line":162,"column":2}},"38":{"start":{"line":138,"column":19},"end":{"line":138,"column":27}},"39":{"start":{"line":140,"column":21},"end":{"line":142,"column":5}},"40":{"start":{"line":144,"column":23},"end":{"line":144,"column":39}},"41":{"start":{"line":147,"column":4},"end":{"line":147,"column":36}},"42":{"start":{"line":150,"column":4},"end":{"line":153,"column":7}},"43":{"start":{"line":156,"column":4},"end":{"line":158,"column":5}},"44":{"start":{"line":157,"column":6},"end":{"line":157,"column":35}},"45":{"start":{"line":160,"column":4},"end":{"line":160,"column":54}},"46":{"start":{"line":169,"column":0},"end":{"line":195,"column":2}},"47":{"start":{"line":173,"column":22},"end":{"line":173,"column":30}},"48":{"start":{"line":174,"column":21},"end":{"line":174,"column":24}},"49":{"start":{"line":176,"column":21},"end":{"line":176,"column":44}},"50":{"start":{"line":177,"column":23},"end":{"line":177,"column":25}},"51":{"start":{"line":180,"column":4},"end":{"line":183,"column":5}},"52":{"start":{"line":181,"column":6},"end":{"line":181,"column":52}},"53":{"start":{"line":182,"column":6},"end":{"line":182,"column":49}},"54":{"start":{"line":186,"column":19},"end":{"line":186,"column":54}},"55":{"start":{"line":187,"column":4},"end":{"line":187,"column":39}},"56":{"start":{"line":190,"column":4},"end":{"line":190,"column":34}},"57":{"start":{"line":193,"column":4},"end":{"line":193,"column":29}},"58":{"start":{"line":197,"column":0},"end":{"line":197,"column":24}}},"fnMap":{"0":{"name":"(anonymous_0)","decl":{"start":{"line":53,"column":15},"end":{"line":53,"column":16}},"loc":{"start":{"line":53,"column":41},"end":{"line":71,"column":3}},"line":53},"1":{"name":"(anonymous_1)","decl":{"start":{"line":82,"column":15},"end":{"line":82,"column":16}},"loc":{"start":{"line":82,"column":41},"end":{"line":125,"column":3}},"line":82},"2":{"name":"(anonymous_2)","decl":{"start":{"line":98,"column":44},"end":{"line":98,"column":45}},"loc":{"start":{"line":98,"column":51},"end":{"line":98,"column":60}},"line":98},"3":{"name":"(anonymous_3)","decl":{"start":{"line":110,"column":45},"end":{"line":110,"column":46}},"loc":{"start":{"line":110,"column":54},"end":{"line":110,"column":69}},"line":110},"4":{"name":"(anonymous_4)","decl":{"start":{"line":137,"column":15},"end":{"line":137,"column":16}},"loc":{"start":{"line":137,"column":41},"end":{"line":161,"column":3}},"line":137},"5":{"name":"(anonymous_5)","decl":{"start":{"line":172,"column":15},"end":{"line":172,"column":16}},"loc":{"start":{"line":172,"column":41},"end":{"line":194,"column":3}},"line":172}},"branchMap":{"0":{"loc":{"start":{"line":104,"column":4},"end":{"line":106,"column":5}},"type":"if","locations":[{"start":{"line":104,"column":4},"end":{"line":106,"column":5}},{"start":{"line":104,"column":4},"end":{"line":106,"column":5}}],"line":104},"1":{"loc":{"start":{"line":109,"column":4},"end":{"line":111,"column":5}},"type":"if","locations":[{"start":{"line":109,"column":4},"end":{"line":111,"column":5}},{"start":{"line":109,"column":4},"end":{"line":111,"column":5}}],"line":109},"2":{"loc":{"start":{"line":156,"column":4},"end":{"line":158,"column":5}},"type":"if","locations":[{"start":{"line":156,"column":4},"end":{"line":158,"column":5}},{"start":{"line":156,"column":4},"end":{"line":158,"column":5}}],"line":156},"3":{"loc":{"start":{"line":180,"column":4},"end":{"line":183,"column":5}},"type":"if","locations":[{"start":{"line":180,"column":4},"end":{"line":183,"column":5}},{"start":{"line":180,"column":4},"end":{"line":183,"column":5}}],"line":180}},"s":{"0":7,"1":7,"2":7,"3":7,"4":7,"5":7,"6":7,"7":7,"8":7,"9":7,"10":7,"11":7,"12":7,"13":7,"14":7,"15":7,"16":7,"17":1,"18":1,"19":1,"20":1,"21":1,"22":7,"23":1,"24":1,"25":1,"26":1,"27":1,"28":1,"29":1,"30":1,"31":1,"32":1,"33":1,"34":1,"35":1,"36":1,"37":7,"38":2,"39":2,"40":2,"41":2,"42":2,"43":2,"44":1,"45":2,"46":7,"47":1,"48":1,"49":1,"50":1,"51":1,"52":1,"53":1,"54":1,"55":1,"56":1,"57":1,"58":7},"f":{"0":1,"1":1,"2":1,"3":1,"4":2,"5":1},"b":{"0":[1,0],"1":[1,0],"2":[1,1],"3":[1,0]},"_coverageSchema":"43e27e138ebf9cfc5966b082cf9a028302ed4184","hash":"47f37c283e8979e5dfb5fcc2860a9f2c3a65e570"}
[...]
,"C:\\Users\\Polzovatel\\Desktop\\Zazmic\\stage 2\\week 5\\Homework-5\\services\\auth-service.js": {"path":"C:\\Users\\Polzovatel\\Desktop\\Zazmic\\stage 2\\week 5\\Homework-5\\services\\auth-service.js","statementMap":{"0":{"start":{"line":1,"column":0},"end":{"line":10,"column":2}},"1":{"start":{"line":2,"column":2},"end":{"line":9,"column":3}},"2":{"start":{"line":3,"column":4},"end":{"line":3,"column":23}},"3":{"start":{"line":4,"column":4},"end":{"line":4,"column":32}},"4":{"start":{"line":5,"column":4},"end":{"line":5,"column":27}},"5":{"start":{"line":6,"column":4},"end":{"line":6,"column":15}},"6":{"start":{"line":8,"column":4},"end":{"line":8,"column":14}}},"fnMap":{"0":{"name":"(anonymous_0)","decl":{"start":{"line":1,"column":17},"end":{"line":1,"column":18}},"loc":{"start":{"line":1,"column":43},"end":{"line":10,"column":1}},"line":1}},"branchMap":{},"s":{"0":7,"1":1,"2":1,"3":1,"4":1,"5":1,"6":0},"f":{"0":1},"b":{},"_coverageSchema":"43e27e138ebf9cfc5966b082cf9a028302ed4184","hash":"eeef4ba81c68683b8beafc98b201fdd8322b5c31"}
,"C:\\Users\\Polzovatel\\Desktop\\Zazmic\\stage 2\\week 5\\Homework-5\\services\\gcs-service.js": {"path":"C:\\Users\\Polzovatel\\Desktop\\Zazmic\\stage 2\\week 5\\Homework-5\\services\\gcs-service.js","statementMap":{"0":{"start":{"line":1,"column":18},"end":{"line":1,"column":35}},"1":{"start":{"line":2,"column":24},"end":{"line":2,"column":54}},"2":{"start":{"line":4,"column":0},"end":{"line":19,"column":2}},"3":{"start":{"line":5,"column":19},"end":{"line":5,"column":53}},"4":{"start":{"line":6,"column":2},"end":{"line":18,"column":3}},"5":{"start":{"line":7,"column":4},"end":{"line":17,"column":5}},"6":{"start":{"line":8,"column":20},"end":{"line":8,"column":44}},"7":{"start":{"line":9,"column":6},"end":{"line":9,"column":27}},"8":{"start":{"line":11,"column":6},"end":{"line":16,"column":9}}},"fnMap":{"0":{"name":"(anonymous_0)","decl":{"start":{"line":4,"column":21},"end":{"line":4,"column":22}},"loc":{"start":{"line":4,"column":36},"end":{"line":19,"column":1}},"line":4}},"branchMap":{"0":{"loc":{"start":{"line":6,"column":2},"end":{"line":18,"column":3}},"type":"if","locations":[{"start":{"line":6,"column":2},"end":{"line":18,"column":3}},{"start":{"line":6,"column":2},"end":{"line":18,"column":3}}],"line":6}},"s":{"0":7,"1":7,"2":7,"3":4,"4":4,"5":3,"6":3,"7":3,"8":3},"f":{"0":4},"b":{"0":[3,1]},"_coverageSchema":"43e27e138ebf9cfc5966b082cf9a028302ed4184","hash":"1a2fe27444a5b62d867b8b4bed833cf3840c7b95"}
,"C:\\Users\\Polzovatel\\Desktop\\Zazmic\\stage 2\\week 5\\Homework-5\\services\\mail-service.js": {"path":"C:\\Users\\Polzovatel\\Desktop\\Zazmic\\stage 2\\week 5\\Homework-5\\services\\mail-service.js","statementMap":{"0":{"start":{"line":1,"column":15},"end":{"line":1,"column":40}},"1":{"start":{"line":4,"column":24},"end":{"line":4,"column":60}},"2":{"start":{"line":5,"column":25},"end":{"line":5,"column":61}},"3":{"start":{"line":6,"column":21},"end":{"line":6,"column":57}},"4":{"start":{"line":8,"column":0},"end":{"line":8,"column":43}},"5":{"start":{"line":10,"column":0},"end":{"line":18,"column":3}},"6":{"start":{"line":10,"column":44},"end":{"line":18,"column":2}},"7":{"start":{"line":20,"column":0},"end":{"line":27,"column":3}},"8":{"start":{"line":20,"column":40},"end":{"line":27,"column":2}},"9":{"start":{"line":29,"column":0},"end":{"line":37,"column":3}},"10":{"start":{"line":29,"column":50},"end":{"line":37,"column":2}}},"fnMap":{"0":{"name":"(anonymous_0)","decl":{"start":{"line":10,"column":27},"end":{"line":10,"column":28}},"loc":{"start":{"line":10,"column":44},"end":{"line":18,"column":2}},"line":10},"1":{"name":"(anonymous_1)","decl":{"start":{"line":20,"column":30},"end":{"line":20,"column":31}},"loc":{"start":{"line":20,"column":40},"end":{"line":27,"column":2}},"line":20},"2":{"name":"(anonymous_2)","decl":{"start":{"line":29,"column":34},"end":{"line":29,"column":35}},"loc":{"start":{"line":29,"column":50},"end":{"line":37,"column":2}},"line":29}},"branchMap":{},"s":{"0":7,"1":7,"2":7,"3":7,"4":7,"5":7,"6":1,"7":7,"8":1,"9":7,"10":1},"f":{"0":1,"1":1,"2":1},"b":{},"_coverageSchema":"43e27e138ebf9cfc5966b082cf9a028302ed4184","hash":"d0a778d8bf1b81e769a715438e4a8bbc22c5d556"}
,"C:\\Users\\Polzovatel\\Desktop\\Zazmic\\stage 2\\week 5\\Homework-5\\services\\stripe-service.js": {"path":"C:\\Users\\Polzovatel\\Desktop\\Zazmic\\stage 2\\week 5\\Homework-5\\services\\stripe-service.js","statementMap":{"0":{"start":{"line":1,"column":15},"end":{"line":1,"column":55}},"1":{"start":{"line":7,"column":0},"end":{"line":10,"column":2}},"2":{"start":{"line":8,"column":19},"end":{"line":8,"column":59}},"3":{"start":{"line":9,"column":2},"end":{"line":9,"column":21}},"4":{"start":{"line":16,"column":0},"end":{"line":21,"column":2}},"5":{"start":{"line":17,"column":18},"end":{"line":19,"column":4}},"6":{"start":{"line":20,"column":2},"end":{"line":20,"column":68}},"7":{"start":{"line":20,"column":42},"end":{"line":20,"column":57}},"8":{"start":{"line":27,"column":0},"end":{"line":36,"column":2}},"9":{"start":{"line":28,"column":17},"end":{"line":34,"column":4}},"10":{"start":{"line":35,"column":2},"end":{"line":35,"column":16}},"11":{"start":{"line":42,"column":0},"end":{"line":47,"column":2}},"12":{"start":{"line":43,"column":17},"end":{"line":45,"column":4}},"13":{"start":{"line":46,"column":2},"end":{"line":46,"column":19}}},"fnMap":{"0":{"name":"(anonymous_0)","decl":{"start":{"line":7,"column":25},"end":{"line":7,"column":26}},"loc":{"start":{"line":7,"column":42},"end":{"line":10,"column":1}},"line":7},"1":{"name":"(anonymous_1)","decl":{"start":{"line":16,"column":26},"end":{"line":16,"column":27}},"loc":{"start":{"line":16,"column":46},"end":{"line":21,"column":1}},"line":16},"2":{"name":"(anonymous_2)","decl":{"start":{"line":20,"column":29},"end":{"line":20,"column":30}},"loc":{"start":{"line":20,"column":42},"end":{"line":20,"column":57}},"line":20},"3":{"name":"(anonymous_3)","decl":{"start":{"line":27,"column":23},"end":{"line":27,"column":24}},"loc":{"start":{"line":27,"column":47},"end":{"line":36,"column":1}},"line":27},"4":{"name":"(anonymous_4)","decl":{"start":{"line":42,"column":21},"end":{"line":42,"column":22}},"loc":{"start":{"line":42,"column":50},"end":{"line":47,"column":1}},"line":42}},"branchMap":{},"s":{"0":7,"1":7,"2":1,"3":1,"4":7,"5":2,"6":2,"7":3,"8":7,"9":1,"10":1,"11":7,"12":1,"13":1},"f":{"0":1,"1":2,"2":3,"3":1,"4":1},"b":{},"_coverageSchema":"43e27e138ebf9cfc5966b082cf9a028302ed4184","hash":"a35d329fb98010ebba294c36fd90192f8cc274ec"}
,"C:\\Users\\Polzovatel\\Desktop\\Zazmic\\stage 2\\week 5\\Homework-5\\socket\\socketio.js": {"path":"C:\\Users\\Polzovatel\\Desktop\\Zazmic\\stage 2\\week 5\\Homework-5\\socket\\socketio.js","statementMap":{"0":{"start":{"line":1,"column":25},"end":{"line":1,"column":53}},"1":{"start":{"line":2,"column":21},"end":{"line":2,"column":47}},"2":{"start":{"line":3,"column":29},"end":{"line":3,"column":61}},"3":{"start":{"line":5,"column":36},"end":{"line":5,"column":63}},"4":{"start":{"line":7,"column":15},"end":{"line":7,"column":50}},"5":{"start":{"line":9,"column":20},"end":{"line":14,"column":2}},"6":{"start":{"line":16,"column":0},"end":{"line":82,"column":2}},"7":{"start":{"line":17,"column":2},"end":{"line":17,"column":50}},"8":{"start":{"line":20,"column":2},"end":{"line":29,"column":4}},"9":{"start":{"line":26,"column":8},"end":{"line":26,"column":17}},"10":{"start":{"line":31,"column":2},"end":{"line":81,"column":5}},"11":{"start":{"line":33,"column":4},"end":{"line":38,"column":7}},"12":{"start":{"line":41,"column":6},"end":{"line":42,"column":45}},"13":{"start":{"line":44,"column":4},"end":{"line":51,"column":7}},"14":{"start":{"line":45,"column":6},"end":{"line":50,"column":7}},"15":{"start":{"line":46,"column":8},"end":{"line":46,"column":38}},"16":{"start":{"line":47,"column":8},"end":{"line":47,"column":15}},"17":{"start":{"line":49,"column":8},"end":{"line":49,"column":44}},"18":{"start":{"line":53,"column":4},"end":{"line":60,"column":7}},"19":{"start":{"line":55,"column":6},"end":{"line":59,"column":9}},"20":{"start":{"line":62,"column":23},"end":{"line":62,"column":61}},"21":{"start":{"line":64,"column":4},"end":{"line":75,"column":7}},"22":{"start":{"line":65,"column":6},"end":{"line":74,"column":9}},"23":{"start":{"line":67,"column":8},"end":{"line":73,"column":9}},"24":{"start":{"line":68,"column":10},"end":{"line":72,"column":13}},"25":{"start":{"line":69,"column":12},"end":{"line":71,"column":15}},"26":{"start":{"line":77,"column":4},"end":{"line":80,"column":7}},"27":{"start":{"line":78,"column":6},"end":{"line":78,"column":50}},"28":{"start":{"line":79,"column":6},"end":{"line":79,"column":40}}},"fnMap":{"0":{"name":"(anonymous_0)","decl":{"start":{"line":16,"column":17},"end":{"line":16,"column":18}},"loc":{"start":{"line":16,"column":40},"end":{"line":82,"column":1}},"line":16},"1":{"name":"(anonymous_1)","decl":{"start":{"line":25,"column":12},"end":{"line":25,"column":13}},"loc":{"start":{"line":25,"column":46},"end":{"line":27,"column":7}},"line":25},"2":{"name":"(anonymous_2)","decl":{"start":{"line":31,"column":22},"end":{"line":31,"column":23}},"loc":{"start":{"line":31,"column":34},"end":{"line":81,"column":3}},"line":31},"3":{"name":"(anonymous_3)","decl":{"start":{"line":44,"column":15},"end":{"line":44,"column":16}},"loc":{"start":{"line":44,"column":34},"end":{"line":51,"column":5}},"line":44},"4":{"name":"(anonymous_4)","decl":{"start":{"line":53,"column":23},"end":{"line":53,"column":24}},"loc":{"start":{"line":53,"column":34},"end":{"line":60,"column":5}},"line":53},"5":{"name":"(anonymous_5)","decl":{"start":{"line":64,"column":32},"end":{"line":64,"column":33}},"loc":{"start":{"line":64,"column":47},"end":{"line":75,"column":5}},"line":64},"6":{"name":"(anonymous_6)","decl":{"start":{"line":65,"column":39},"end":{"line":65,"column":40}},"loc":{"start":{"line":65,"column":45},"end":{"line":74,"column":7}},"line":65},"7":{"name":"(anonymous_7)","decl":{"start":{"line":68,"column":38},"end":{"line":68,"column":39}},"loc":{"start":{"line":68,"column":49},"end":{"line":72,"column":11}},"line":68},"8":{"name":"(anonymous_8)","decl":{"start":{"line":77,"column":34},"end":{"line":77,"column":35}},"loc":{"start":{"line":77,"column":49},"end":{"line":80,"column":5}},"line":77}},"branchMap":{"0":{"loc":{"start":{"line":36,"column":23},"end":{"line":37,"column":19}},"type":"binary-expr","locations":[{"start":{"line":36,"column":23},"end":{"line":36,"column":45}},{"start":{"line":37,"column":8},"end":{"line":37,"column":19}}],"line":36},"1":{"loc":{"start":{"line":41,"column":6},"end":{"line":42,"column":45}},"type":"binary-expr","locations":[{"start":{"line":41,"column":6},"end":{"line":41,"column":49}},{"start":{"line":42,"column":6},"end":{"line":42,"column":45}}],"line":41},"2":{"loc":{"start":{"line":62,"column":23},"end":{"line":62,"column":61}},"type":"binary-expr","locations":[{"start":{"line":62,"column":23},"end":{"line":62,"column":52}},{"start":{"line":62,"column":56},"end":{"line":62,"column":61}}],"line":62},"3":{"loc":{"start":{"line":67,"column":8},"end":{"line":73,"column":9}},"type":"if","locations":[{"start":{"line":67,"column":8},"end":{"line":73,"column":9}},{"start":{"line":67,"column":8},"end":{"line":73,"column":9}}],"line":67}},"s":{"0":7,"1":7,"2":7,"3":7,"4":7,"5":7,"6":7,"7":7,"8":7,"9":0,"10":7,"11":0,"12":0,"13":0,"14":0,"15":0,"16":0,"17":0,"18":0,"19":0,"20":0,"21":0,"22":0,"23":0,"24":0,"25":0,"26":0,"27":0,"28":0},"f":{"0":7,"1":0,"2":0,"3":0,"4":0,"5":0,"6":0,"7":0,"8":0},"b":{"0":[0,0],"1":[0,0],"2":[0,0],"3":[0,0]},"_coverageSchema":"43e27e138ebf9cfc5966b082cf9a028302ed4184","hash":"7bb9099ffcdaa72f958a314c944247994aa872b2"}
,"C:\\Users\\Polzovatel\\Desktop\\Zazmic\\stage 2\\week 5\\Homework-5\\tests\\clearDatabase.js": {"path":"C:\\Users\\Polzovatel\\Desktop\\Zazmic\\stage 2\\week 5\\Homework-5\\tests\\clearDatabase.js","statementMap":{"0":{"start":{"line":1,"column":26},"end":{"line":1,"column":56}},"1":{"start":{"line":2,"column":17},"end":{"line":2,"column":36}},"2":{"start":{"line":3,"column":25},"end":{"line":3,"column":54}},"3":{"start":{"line":5,"column":0},"end":{"line":14,"column":2}},"4":{"start":{"line":6,"column":2},"end":{"line":11,"column":3}},"5":{"start":{"line":7,"column":4},"end":{"line":10,"column":7}},"6":{"start":{"line":12,"column":2},"end":{"line":12,"column":48}},"7":{"start":{"line":13,"column":2},"end":{"line":13,"column":43}}},"fnMap":{"0":{"name":"(anonymous_0)","decl":{"start":{"line":5,"column":17},"end":{"line":5,"column":18}},"loc":{"start":{"line":5,"column":29},"end":{"line":14,"column":1}},"line":5}},"branchMap":{},"s":{"0":7,"1":7,"2":7,"3":7,"4":6,"5":12,"6":6,"7":6},"f":{"0":6},"b":{},"_coverageSchema":"43e27e138ebf9cfc5966b082cf9a028302ed4184","hash":"adc2aaa363310bac99c8bdc8e949938078f2f707"}
,"C:\\Users\\Polzovatel\\Desktop\\Zazmic\\stage 2\\week 5\\Homework-5\\tests\\helpers.js": {"path":"C:\\Users\\Polzovatel\\Desktop\\Zazmic\\stage 2\\week 5\\Homework-5\\tests\\helpers.js","statementMap":{"0":{"start":{"line":1,"column":35},"end":{"line":1,"column":65}},"1":{"start":{"line":2,"column":14},"end":{"line":2,"column":30}},"2":{"start":{"line":4,"column":0},"end":{"line":13,"column":2}},"3":{"start":{"line":5,"column":15},"end":{"line":10,"column":4}},"4":{"start":{"line":11,"column":2},"end":{"line":11,"column":27}},"5":{"start":{"line":12,"column":2},"end":{"line":12,"column":14}},"6":{"start":{"line":15,"column":0},"end":{"line":23,"column":2}},"7":{"start":{"line":16,"column":18},"end":{"line":21,"column":23}},"8":{"start":{"line":22,"column":2},"end":{"line":22,"column":17}},"9":{"start":{"line":25,"column":0},"end":{"line":32,"column":2}},"10":{"start":{"line":26,"column":18},"end":{"line":30,"column":4}},"11":{"start":{"line":31,"column":2},"end":{"line":31,"column":17}}},"fnMap":{"0":{"name":"(anonymous_0)","decl":{"start":{"line":4,"column":23},"end":{"line":4,"column":24}},"loc":{"start":{"line":4,"column":35},"end":{"line":13,"column":1}},"line":4},"1":{"name":"(anonymous_1)","decl":{"start":{"line":15,"column":24},"end":{"line":15,"column":25}},"loc":{"start":{"line":15,"column":44},"end":{"line":23,"column":1}},"line":15},"2":{"name":"(anonymous_2)","decl":{"start":{"line":25,"column":24},"end":{"line":25,"column":25}},"loc":{"start":{"line":25,"column":55},"end":{"line":32,"column":1}},"line":25}},"branchMap":{},"s":{"0":6,"1":6,"2":6,"3":7,"4":7,"5":7,"6":6,"7":9,"8":9,"9":6,"10":1,"11":1},"f":{"0":7,"1":9,"2":1},"b":{},"_coverageSchema":"43e27e138ebf9cfc5966b082cf9a028302ed4184","hash":"0ab8e79729b70c1fe3b932e36698129814e7aa58"}
,"C:\\Users\\Polzovatel\\Desktop\\Zazmic\\stage 2\\week 5\\Homework-5\\utils\\add-pagination-opts.js": {"path":"C:\\Users\\Polzovatel\\Desktop\\Zazmic\\stage 2\\week 5\\Homework-5\\utils\\add-pagination-opts.js","statementMap":{"0":{"start":{"line":2,"column":15},"end":{"line":2,"column":35}},"1":{"start":{"line":4,"column":0},"end":{"line":20,"column":2}},"2":{"start":{"line":5,"column":23},"end":{"line":5,"column":39}},"3":{"start":{"line":6,"column":2},"end":{"line":19,"column":4}}},"fnMap":{"0":{"name":"(anonymous_0)","decl":{"start":{"line":4,"column":17},"end":{"line":4,"column":18}},"loc":{"start":{"line":4,"column":34},"end":{"line":20,"column":1}},"line":4}},"branchMap":{},"s":{"0":7,"1":7,"2":1,"3":1},"f":{"0":1},"b":{},"_coverageSchema":"43e27e138ebf9cfc5966b082cf9a028302ed4184","hash":"f2a68bc3dc16bb205e328f7ab396ff65023fd50d"}
,"C:\\Users\\Polzovatel\\Desktop\\Zazmic\\stage 2\\week 5\\Homework-5\\utils\\error-messages.js": {"path":"C:\\Users\\Polzovatel\\Desktop\\Zazmic\\stage 2\\week 5\\Homework-5\\utils\\error-messages.js","statementMap":{"0":{"start":{"line":1,"column":0},"end":{"line":6,"column":2}}},"fnMap":{},"branchMap":{},"s":{"0":7},"f":{},"b":{},"_coverageSchema":"43e27e138ebf9cfc5966b082cf9a028302ed4184","hash":"9bee101051fd4fb486fb8d2fe008a3cc5642f15e"}
,"C:\\Users\\Polzovatel\\Desktop\\Zazmic\\stage 2\\week 5\\Homework-5\\utils\\hash-password.js": {"path":"C:\\Users\\Polzovatel\\Desktop\\Zazmic\\stage 2\\week 5\\Homework-5\\utils\\hash-password.js","statementMap":{"0":{"start":{"line":1,"column":15},"end":{"line":1,"column":34}},"1":{"start":{"line":3,"column":21},"end":{"line":14,"column":1}},"2":{"start":{"line":4,"column":2},"end":{"line":13,"column":3}},"3":{"start":{"line":5,"column":4},"end":{"line":9,"column":5}},"4":{"start":{"line":6,"column":19},"end":{"line":6,"column":43}},"5":{"start":{"line":8,"column":6},"end":{"line":8,"column":61}},"6":{"start":{"line":12,"column":4},"end":{"line":12,"column":23}},"7":{"start":{"line":16,"column":0},"end":{"line":16,"column":30}}},"fnMap":{"0":{"name":"(anonymous_0)","decl":{"start":{"line":3,"column":21},"end":{"line":3,"column":22}},"loc":{"start":{"line":3,"column":37},"end":{"line":14,"column":1}},"line":3}},"branchMap":{"0":{"loc":{"start":{"line":5,"column":4},"end":{"line":9,"column":5}},"type":"if","locations":[{"start":{"line":5,"column":4},"end":{"line":9,"column":5}},{"start":{"line":5,"column":4},"end":{"line":9,"column":5}}],"line":5}},"s":{"0":7,"1":7,"2":20,"3":20,"4":10,"5":10,"6":0,"7":7},"f":{"0":20},"b":{"0":[10,10]},"_coverageSchema":"43e27e138ebf9cfc5966b082cf9a028302ed4184","hash":"e3e974c7d1d379257446cc63a190bb40a517d7ae"}
,"C:\\Users\\Polzovatel\\Desktop\\Zazmic\\stage 2\\week 5\\Homework-5\\validation\\index.js": {"path":"C:\\Users\\Polzovatel\\Desktop\\Zazmic\\stage 2\\week 5\\Homework-5\\validation\\index.js","statementMap":{"0":{"start":{"line":1,"column":35},"end":{"line":1,"column":63}},"1":{"start":{"line":3,"column":19},"end":{"line":13,"column":1}},"2":{"start":{"line":4,"column":22},"end":{"line":11,"column":3}},"3":{"start":{"line":7,"column":21},"end":{"line":7,"column":42}},"4":{"start":{"line":8,"column":6},"end":{"line":9,"column":60}},"5":{"start":{"line":8,"column":28},"end":{"line":8,"column":35}},"6":{"start":{"line":9,"column":11},"end":{"line":9,"column":60}},"7":{"start":{"line":12,"column":2},"end":{"line":12,"column":21}},"8":{"start":{"line":15,"column":21},"end":{"line":17,"column":40}},"9":{"start":{"line":19,"column":20},"end":{"line":21,"column":39}},"10":{"start":{"line":23,"column":17},"end":{"line":27,"column":36}},"11":{"start":{"line":29,"column":20},"end":{"line":33,"column":56}},"12":{"start":{"line":35,"column":17},"end":{"line":37,"column":35}},"13":{"start":{"line":39,"column":19},"end":{"line":41,"column":37}},"14":{"start":{"line":43,"column":23},"end":{"line":46,"column":41}},"15":{"start":{"line":48,"column":0},"end":{"line":53,"column":3}},"16":{"start":{"line":55,"column":0},"end":{"line":55,"column":66}},"17":{"start":{"line":57,"column":0},"end":{"line":57,"column":72}},"18":{"start":{"line":59,"column":0},"end":{"line":59,"column":79}},"19":{"start":{"line":61,"column":0},"end":{"line":61,"column":53}}},"fnMap":{"0":{"name":"(anonymous_0)","decl":{"start":{"line":3,"column":19},"end":{"line":3,"column":20}},"loc":{"start":{"line":3,"column":30},"end":{"line":13,"column":1}},"line":3},"1":{"name":"(anonymous_1)","decl":{"start":{"line":6,"column":4},"end":{"line":6,"column":5}},"loc":{"start":{"line":6,"column":24},"end":{"line":10,"column":5}},"line":6}},"branchMap":{"0":{"loc":{"start":{"line":8,"column":6},"end":{"line":9,"column":60}},"type":"if","locations":[{"start":{"line":8,"column":6},"end":{"line":9,"column":60}},{"start":{"line":8,"column":6},"end":{"line":9,"column":60}}],"line":8}},"s":{"0":7,"1":7,"2":35,"3":10,"4":10,"5":10,"6":0,"7":35,"8":7,"9":7,"10":7,"11":7,"12":7,"13":7,"14":7,"15":7,"16":7,"17":7,"18":7,"19":7},"f":{"0":35,"1":10},"b":{"0":[10,0]},"_coverageSchema":"43e27e138ebf9cfc5966b082cf9a028302ed4184","hash":"38ab19cb360279e0e38126d4219343decde46a39"}
}
