TN:
SF:C:\Users\Polzovatel\Desktop\Zazmic\stage 2\week 5\Homework-5\app.js
FN:50,(anonymous_0)
FN:65,(anonymous_1)
FN:66,(anonymous_2)
FN:79,(anonymous_3)
FN:100,(anonymous_4)
FN:101,(anonymous_5)
FN:105,(anonymous_6)
FN:115,(anonymous_7)
FN:124,(anonymous_8)
FN:130,(anonymous_9)
FNF:10
FNH:5
FNDA:35,(anonymous_0)
FNDA:0,(anonymous_1)
FNDA:0,(anonymous_2)
FNDA:6,(anonymous_3)
FNDA:7,(anonymous_4)
FNDA:0,(anonymous_5)
FNDA:0,(anonymous_6)
FNDA:3,(anonymous_7)
FNDA:3,(anonymous_8)
FNDA:0,(anonymous_9)
DA:1,7
DA:2,7
DA:3,7
DA:4,7
DA:5,7
DA:6,7
DA:7,7
DA:8,7
DA:9,7
DA:11,7
DA:13,7
DA:15,7
DA:17,7
DA:20,7
DA:23,7
DA:24,7
DA:25,7
DA:27,7
DA:30,7
DA:31,7
DA:33,7
DA:36,7
DA:46,7
DA:49,7
DA:50,7
DA:51,35
DA:52,35
DA:56,7
DA:57,7
DA:60,7
DA:63,7
DA:65,7
DA:66,0
DA:69,7
DA:72,7
DA:73,7
DA:75,7
DA:76,7
DA:79,7
DA:80,6
DA:81,0
DA:85,6
DA:89,6
DA:97,7
DA:100,7
DA:101,7
DA:102,0
DA:105,6
DA:106,0
DA:109,6
DA:115,6
DA:116,3
DA:124,7
DA:125,3
DA:130,3
DA:133,7
LF:56
LH:52
BRDA:80,0,0,0
BRDA:80,0,1,6
BRF:2
BRH:1
end_of_record
TN:
SF:C:\Users\Polzovatel\Desktop\Zazmic\stage 2\week 5\Homework-5\database\db-mongo.js
FN:8,(anonymous_0)
FN:10,(anonymous_1)
FN:20,(anonymous_2)
FN:28,(anonymous_3)
FN:36,(anonymous_4)
FNF:5
FNH:3
FNDA:7,(anonymous_0)
FNDA:16,(anonymous_1)
FNDA:9,(anonymous_2)
FNDA:0,(anonymous_3)
FNDA:0,(anonymous_4)
DA:1,7
DA:3,7
DA:5,7
DA:10,7
DA:11,16
DA:20,7
DA:21,9
DA:28,7
DA:29,0
DA:36,7
DA:37,0
DA:44,7
DA:53,7
LF:13
LH:11
BRF:0
BRH:0
end_of_record
TN:
SF:C:\Users\Polzovatel\Desktop\Zazmic\stage 2\week 5\Homework-5\database\db-mysql.js
FN:7,(anonymous_0)
FNF:1
FNH:1
FNDA:108,(anonymous_0)
DA:1,7
DA:3,7
DA:5,7
DA:8,108
DA:15,7
LF:5
LH:5
BRF:0
BRH:0
end_of_record
TN:
SF:C:\Users\Polzovatel\Desktop\Zazmic\stage 2\week 5\Homework-5\database\redis-client.js
FN:6,(anonymous_0)
FNF:1
FNH:0
FNDA:0,(anonymous_0)
DA:1,7
DA:2,7
DA:4,7
DA:6,7
DA:7,0
DA:14,7
LF:6
LH:5
BRF:0
BRH:0
end_of_record
TN:
SF:C:\Users\Polzovatel\Desktop\Zazmic\stage 2\week 5\Homework-5\docs\swagger-config.js
FN:26,(anonymous_0)
FN:36,(anonymous_1)
FN:39,(anonymous_2)
FNF:3
FNH:1
FNDA:0,(anonymous_0)
FNDA:7,(anonymous_1)
FNDA:0,(anonymous_2)
DA:1,7
DA:2,7
DA:4,7
DA:17,7
DA:22,7
DA:27,0
DA:28,0
DA:30,0
DA:31,0
DA:36,7
DA:37,7
DA:40,0
DA:41,0
LF:13
LH:7
BRF:0
BRH:0
end_of_record
TN:
SF:C:\Users\Polzovatel\Desktop\Zazmic\stage 2\week 5\Homework-5\gcs\index.js
FNF:0
FNH:0
DA:1,7
DA:3,7
DA:8,7
DA:10,7
LF:4
LH:4
BRF:0
BRH:0
end_of_record
TN:
SF:C:\Users\Polzovatel\Desktop\Zazmic\stage 2\week 5\Homework-5\gcs\multer-gcs.js
FN:6,(anonymous_0)
FN:10,(anonymous_1)
FN:33,(anonymous_2)
FN:39,(anonymous_3)
FN:46,(anonymous_4)
FN:58,(anonymous_5)
FNF:6
FNH:4
FNDA:14,(anonymous_0)
FNDA:5,(anonymous_1)
FNDA:0,(anonymous_2)
FNDA:5,(anonymous_3)
FNDA:0,(anonymous_4)
FNDA:14,(anonymous_5)
DA:2,7
DA:3,7
DA:7,14
DA:11,5
DA:13,5
DA:16,5
DA:18,5
DA:20,5
DA:25,5
DA:27,5
DA:31,5
DA:34,0
DA:35,0
DA:40,5
DA:47,0
DA:48,0
DA:49,0
DA:50,0
DA:51,0
DA:53,0
DA:58,14
LF:21
LH:13
BRF:0
BRH:0
end_of_record
TN:
SF:C:\Users\Polzovatel\Desktop\Zazmic\stage 2\week 5\Homework-5\limiter\limiter.js
FNF:0
FNH:0
DA:1,7
DA:2,7
DA:4,7
DA:6,7
DA:11,7
DA:18,7
DA:23,7
DA:32,7
LF:8
LH:8
BRF:0
BRH:0
end_of_record
TN:
SF:C:\Users\Polzovatel\Desktop\Zazmic\stage 2\week 5\Homework-5\logger\logger.js
FN:15,(anonymous_0)
FN:32,(anonymous_1)
FN:68,(anonymous_2)
FN:68,(anonymous_3)
FN:76,(anonymous_4)
FNF:5
FNH:2
FNDA:0,(anonymous_0)
FNDA:28,(anonymous_1)
FNDA:14,(anonymous_2)
FNDA:0,(anonymous_3)
FNDA:0,(anonymous_4)
DA:2,7
DA:3,7
DA:5,7
DA:8,7
DA:10,7
DA:14,7
DA:18,0
DA:19,0
DA:20,0
DA:21,0
DA:25,0
DA:32,28
DA:42,7
DA:52,7
DA:56,7
DA:60,7
DA:64,7
DA:68,14
DA:69,0
DA:73,0
DA:76,0
DA:79,7
DA:80,7
DA:82,7
LF:24
LH:16
BRDA:18,0,0,0
BRDA:18,0,1,0
BRDA:20,1,0,0
BRDA:20,1,1,0
BRDA:21,2,0,0
BRDA:21,2,1,0
BRF:6
BRH:0
end_of_record
TN:
SF:C:\Users\Polzovatel\Desktop\Zazmic\stage 2\week 5\Homework-5\models\mongoose\ArticlesHistory.js
FNF:0
FNH:0
DA:1,7
DA:3,7
DA:5,7
DA:11,7
LF:4
LH:4
BRF:0
BRH:0
end_of_record
TN:
SF:C:\Users\Polzovatel\Desktop\Zazmic\stage 2\week 5\Homework-5\models\mongoose\ArticlesLog.js
FNF:0
FNH:0
DA:1,7
DA:3,7
LF:2
LH:2
BRF:0
BRH:0
end_of_record
TN:
SF:C:\Users\Polzovatel\Desktop\Zazmic\stage 2\week 5\Homework-5\models\mongoose\ArticlesView.js
FN:13,(anonymous_0)
FN:20,(anonymous_1)
FNF:2
FNH:1
FNDA:1,(anonymous_0)
FNDA:0,(anonymous_1)
DA:1,7
DA:3,7
DA:5,7
DA:13,7
DA:14,1
DA:15,1
DA:16,1
DA:17,1
DA:20,7
DA:21,0
DA:22,0
DA:25,7
LF:12
LH:10
BRDA:16,0,0,1
BRDA:16,0,1,0
BRF:2
BRH:1
end_of_record
TN:
SF:C:\Users\Polzovatel\Desktop\Zazmic\stage 2\week 5\Homework-5\models\mongoose\index.js
FNF:0
FNH:0
DA:1,7
DA:2,7
DA:3,7
DA:5,7
LF:4
LH:4
BRF:0
BRH:0
end_of_record
TN:
SF:C:\Users\Polzovatel\Desktop\Zazmic\stage 2\week 5\Homework-5\models\sequelize\Account.js
FN:28,(anonymous_0)
FNF:1
FNH:1
FNDA:7,(anonymous_0)
DA:1,7
DA:3,7
DA:7,7
DA:28,7
DA:29,7
DA:32,7
LF:6
LH:6
BRF:0
BRH:0
end_of_record
TN:
SF:C:\Users\Polzovatel\Desktop\Zazmic\stage 2\week 5\Homework-5\models\sequelize\Article.js
FN:35,(anonymous_0)
FNF:1
FNH:1
FNDA:7,(anonymous_0)
DA:1,7
DA:3,7
DA:7,7
DA:35,7
DA:36,7
DA:37,7
DA:43,7
LF:7
LH:7
BRF:0
BRH:0
end_of_record
TN:
SF:C:\Users\Polzovatel\Desktop\Zazmic\stage 2\week 5\Homework-5\models\sequelize\Comment.js
FN:34,(anonymous_0)
FNF:1
FNH:1
FNDA:7,(anonymous_0)
DA:1,7
DA:3,7
DA:7,7
DA:34,7
DA:35,7
DA:36,7
DA:39,7
LF:7
LH:7
BRF:0
BRH:0
end_of_record
TN:
SF:C:\Users\Polzovatel\Desktop\Zazmic\stage 2\week 5\Homework-5\models\sequelize\User.js
FN:63,(anonymous_0)
FNF:1
FNH:1
FNDA:7,(anonymous_0)
DA:1,7
DA:3,7
DA:5,7
DA:9,7
DA:63,7
DA:64,7
DA:68,7
DA:72,7
DA:78,7
LF:9
LH:9
BRF:0
BRH:0
end_of_record
TN:
SF:C:\Users\Polzovatel\Desktop\Zazmic\stage 2\week 5\Homework-5\models\sequelize\index.js
FN:13,(anonymous_0)
FNF:1
FNH:1
FNDA:28,(anonymous_0)
DA:1,7
DA:2,7
DA:3,7
DA:4,7
DA:6,7
DA:13,7
DA:14,28
DA:17,7
LF:8
LH:8
BRDA:14,0,0,28
BRDA:14,0,1,0
BRF:2
BRH:1
end_of_record
TN:
SF:C:\Users\Polzovatel\Desktop\Zazmic\stage 2\week 5\Homework-5\passport\index.js
FN:9,(anonymous_0)
FN:16,(anonymous_1)
FN:18,(anonymous_2)
FN:23,(anonymous_3)
FNF:4
FNH:4
FNDA:17,(anonymous_0)
FNDA:7,(anonymous_1)
FNDA:6,(anonymous_2)
FNDA:21,(anonymous_3)
DA:5,7
DA:7,7
DA:9,7
DA:10,17
DA:12,0
DA:16,7
DA:18,7
DA:19,6
DA:23,7
DA:24,21
DA:25,21
DA:28,21
DA:29,0
DA:31,0
DA:36,7
DA:37,7
DA:38,7
LF:17
LH:14
BRDA:10,0,0,17
BRDA:10,0,1,0
BRDA:28,1,0,21
BRDA:28,1,1,0
BRF:4
BRH:2
end_of_record
TN:
SF:C:\Users\Polzovatel\Desktop\Zazmic\stage 2\week 5\Homework-5\passport\strategies.js
FN:21,(anonymous_0)
FN:48,(anonymous_1)
FN:137,(anonymous_2)
FN:145,(anonymous_3)
FN:164,(anonymous_4)
FN:172,(anonymous_5)
FNF:6
FNH:4
FNDA:4,(anonymous_0)
FNDA:2,(anonymous_1)
FNDA:1,(anonymous_2)
FNDA:0,(anonymous_3)
FNDA:1,(anonymous_4)
FNDA:0,(anonymous_5)
DA:2,7
DA:3,7
DA:4,7
DA:5,7
DA:7,7
DA:9,7
DA:11,7
DA:17,7
DA:22,4
DA:24,4
DA:28,4
DA:33,4
DA:34,4
DA:36,0
DA:39,0
DA:48,7
DA:50,2
DA:54,2
DA:56,2
DA:69,2
DA:70,2
DA:71,2
DA:75,2
DA:83,2
DA:86,2
DA:91,0
DA:92,0
DA:94,2
DA:97,0
DA:98,0
DA:101,0
DA:102,0
DA:106,0
DA:119,0
DA:121,0
DA:122,0
DA:125,0
DA:129,7
DA:135,7
DA:138,1
DA:145,1
DA:146,0
DA:155,7
DA:162,7
DA:165,1
DA:172,1
DA:173,0
LF:47
LH:32
BRDA:28,0,0,4
BRDA:28,0,1,0
BRDA:29,1,0,4
BRDA:29,1,1,4
BRDA:29,1,2,4
BRDA:54,2,0,2
BRDA:54,2,1,0
BRDA:91,3,0,0
BRDA:91,3,1,0
BRDA:101,4,0,0
BRDA:101,4,1,0
BRDA:121,5,0,0
BRDA:121,5,1,0
BRF:13
BRH:5
end_of_record
TN:
SF:C:\Users\Polzovatel\Desktop\Zazmic\stage 2\week 5\Homework-5\routes\api\v1\auth.js
FN:27,(anonymous_0)
FN:52,(anonymous_1)
FN:79,(anonymous_2)
FN:80,(anonymous_3)
FN:89,(anonymous_4)
FN:116,(anonymous_5)
FN:137,(anonymous_6)
FN:142,(anonymous_7)
FN:157,(anonymous_8)
FN:158,(anonymous_9)
FNF:10
FNH:3
FNDA:1,(anonymous_0)
FNDA:1,(anonymous_1)
FNDA:0,(anonymous_2)
FNDA:0,(anonymous_3)
FNDA:0,(anonymous_4)
FNDA:4,(anonymous_5)
FNDA:0,(anonymous_6)
FNDA:0,(anonymous_7)
FNDA:0,(anonymous_8)
FNDA:0,(anonymous_9)
DA:1,7
DA:2,7
DA:3,7
DA:4,7
DA:6,7
DA:8,7
DA:9,7
DA:10,7
DA:11,7
DA:15,7
DA:17,7
DA:24,7
DA:29,1
DA:31,1
DA:32,1
DA:40,1
DA:44,1
DA:45,0
DA:48,1
DA:53,1
DA:55,1
DA:57,1
DA:60,1
DA:61,1
DA:63,0
DA:77,7
DA:80,0
DA:81,0
DA:82,0
DA:85,0
DA:86,0
DA:89,0
DA:90,0
DA:93,0
DA:98,0
DA:111,7
DA:117,4
DA:126,7
DA:137,7
DA:138,0
DA:142,0
DA:143,0
DA:145,0
DA:157,7
DA:158,0
DA:159,0
DA:161,0
DA:166,7
LF:48
LH:30
BRDA:31,0,0,1
BRDA:31,0,1,0
BRDA:44,1,0,0
BRDA:44,1,1,1
BRDA:53,2,0,0
BRDA:53,2,1,1
BRDA:81,3,0,0
BRDA:81,3,1,0
BRDA:90,4,0,0
BRDA:90,4,1,0
BRDA:143,5,0,0
BRDA:143,5,1,0
BRDA:159,6,0,0
BRDA:159,6,1,0
BRF:14
BRH:3
end_of_record
TN:
SF:C:\Users\Polzovatel\Desktop\Zazmic\stage 2\week 5\Homework-5\routes\api\v1\blog.js
FN:39,(anonymous_0)
FN:55,(anonymous_1)
FN:78,(anonymous_2)
FN:79,(anonymous_3)
FN:96,(anonymous_4)
FN:150,(anonymous_5)
FN:199,(anonymous_6)
FN:233,(anonymous_7)
FNF:8
FNH:7
FNDA:3,(anonymous_0)
FNDA:1,(anonymous_1)
FNDA:1,(anonymous_2)
FNDA:0,(anonymous_3)
FNDA:4,(anonymous_4)
FNDA:2,(anonymous_5)
FNDA:1,(anonymous_6)
FNDA:2,(anonymous_7)
DA:1,7
DA:2,7
DA:3,7
DA:5,7
DA:6,7
DA:7,7
DA:10,7
DA:11,7
DA:13,7
DA:21,7
DA:29,7
DA:30,7
DA:33,7
DA:36,7
DA:39,7
DA:46,7
DA:53,7
DA:56,1
DA:59,1
DA:70,1
DA:73,1
DA:76,1
DA:78,1
DA:79,1
DA:80,1
DA:81,1
DA:85,1
DA:94,7
DA:97,4
DA:100,4
DA:106,4
DA:107,1
DA:108,1
DA:112,3
DA:126,3
DA:135,3
DA:136,3
DA:145,7
DA:151,2
DA:154,2
DA:155,2
DA:158,2
DA:159,2
DA:160,1
DA:161,1
DA:164,1
DA:167,1
DA:168,0
DA:169,0
DA:171,1
DA:174,1
DA:175,0
DA:179,1
DA:185,1
DA:194,7
DA:201,1
DA:202,1
DA:205,1
DA:208,1
DA:215,1
DA:221,1
DA:230,7
DA:234,2
DA:237,2
DA:238,2
DA:239,1
DA:240,1
DA:244,1
DA:245,0
DA:246,0
DA:249,1
DA:250,1
DA:253,1
DA:254,1
DA:258,1
DA:263,1
DA:269,1
DA:273,7
LF:78
LH:73
BRDA:70,0,0,0
BRDA:70,0,1,1
BRDA:80,1,0,0
BRDA:80,1,1,1
BRDA:106,2,0,1
BRDA:106,2,1,3
BRDA:135,3,0,0
BRDA:135,3,1,3
BRDA:155,4,0,2
BRDA:155,4,1,0
BRDA:159,5,0,1
BRDA:159,5,1,1
BRDA:167,6,0,0
BRDA:167,6,1,1
BRDA:174,7,0,0
BRDA:174,7,1,1
BRDA:174,8,0,1
BRDA:174,8,1,0
BRDA:202,9,0,1
BRDA:202,9,1,0
BRDA:238,10,0,1
BRDA:238,10,1,1
BRDA:244,11,0,0
BRDA:244,11,1,1
BRDA:253,12,0,1
BRDA:253,12,1,0
BRF:26
BRH:16
end_of_record
TN:
SF:C:\Users\Polzovatel\Desktop\Zazmic\stage 2\week 5\Homework-5\routes\api\v1\comments.js
FN:30,(anonymous_0)
FN:62,(anonymous_1)
FN:105,(anonymous_2)
FNF:3
FNH:3
FNDA:1,(anonymous_0)
FNDA:1,(anonymous_1)
FNDA:3,(anonymous_2)
DA:1,7
DA:2,7
DA:3,7
DA:5,7
DA:8,7
DA:11,7
DA:13,7
DA:19,7
DA:21,7
DA:28,7
DA:31,1
DA:32,1
DA:35,1
DA:43,1
DA:46,1
DA:49,1
DA:58,7
DA:63,1
DA:66,1
DA:73,1
DA:76,1
DA:82,1
DA:83,1
DA:86,1
DA:87,1
DA:93,1
DA:102,7
DA:106,3
DA:107,3
DA:110,3
DA:111,3
DA:112,1
DA:113,1
DA:117,2
DA:118,1
DA:119,1
DA:123,1
DA:124,1
DA:128,1
DA:131,1
DA:137,1
DA:141,7
LF:42
LH:42
BRDA:43,0,0,0
BRDA:43,0,1,1
BRDA:111,1,0,1
BRDA:111,1,1,2
BRDA:117,2,0,1
BRDA:117,2,1,1
BRF:6
BRH:5
end_of_record
TN:
SF:C:\Users\Polzovatel\Desktop\Zazmic\stage 2\week 5\Homework-5\routes\api\v1\fees.js
FN:28,(anonymous_0)
FN:52,(anonymous_1)
FNF:2
FNH:2
FNDA:2,(anonymous_0)
FNDA:1,(anonymous_1)
DA:1,7
DA:2,7
DA:4,7
DA:9,7
DA:14,7
DA:16,7
DA:18,7
DA:25,7
DA:29,2
DA:31,2
DA:33,1
DA:34,1
DA:37,1
DA:39,1
DA:49,7
DA:53,1
DA:54,1
DA:57,1
DA:60,1
DA:63,1
DA:65,1
DA:66,1
DA:69,1
DA:72,1
DA:75,1
DA:79,7
LF:26
LH:26
BRDA:31,0,0,1
BRDA:31,0,1,1
BRDA:34,1,0,1
BRDA:34,1,1,0
BRDA:65,2,0,1
BRDA:65,2,1,0
BRDA:65,3,0,1
BRDA:65,3,1,1
BRDA:72,4,0,0
BRDA:72,4,1,1
BRF:10
BRH:7
end_of_record
TN:
SF:C:\Users\Polzovatel\Desktop\Zazmic\stage 2\week 5\Homework-5\routes\api\v1\index.js
FNF:0
FNH:0
DA:1,7
DA:3,7
DA:5,7
DA:6,7
DA:7,7
DA:8,7
DA:9,7
DA:10,7
DA:11,7
DA:13,7
DA:15,7
DA:16,7
DA:17,7
DA:18,7
DA:19,7
DA:20,7
DA:21,7
DA:23,7
LF:18
LH:18
BRF:0
BRH:0
end_of_record
TN:
SF:C:\Users\Polzovatel\Desktop\Zazmic\stage 2\week 5\Homework-5\routes\api\v1\oauth.js
FN:24,(anonymous_0)
FN:51,(anonymous_1)
FNF:2
FNH:2
FNDA:1,(anonymous_0)
FNDA:1,(anonymous_1)
DA:1,7
DA:2,7
DA:4,7
DA:11,7
DA:21,7
DA:25,1
DA:36,7
DA:48,7
DA:52,1
DA:58,7
LF:10
LH:10
BRF:0
BRH:0
end_of_record
TN:
SF:C:\Users\Polzovatel\Desktop\Zazmic\stage 2\week 5\Homework-5\routes\api\v1\profile.js
FN:53,(anonymous_0)
FN:82,(anonymous_1)
FN:98,(anonymous_2)
FN:110,(anonymous_3)
FN:137,(anonymous_4)
FN:172,(anonymous_5)
FNF:6
FNH:6
FNDA:1,(anonymous_0)
FNDA:1,(anonymous_1)
FNDA:1,(anonymous_2)
FNDA:1,(anonymous_3)
FNDA:2,(anonymous_4)
FNDA:1,(anonymous_5)
DA:1,7
DA:2,7
DA:3,7
DA:5,7
DA:10,7
DA:11,7
DA:12,7
DA:15,7
DA:17,7
DA:18,7
DA:20,7
DA:28,7
DA:36,7
DA:37,7
DA:40,7
DA:42,7
DA:49,7
DA:54,1
DA:56,1
DA:62,1
DA:65,1
DA:70,1
DA:79,7
DA:83,1
DA:85,1
DA:88,1
DA:98,1
DA:101,1
DA:104,1
DA:105,1
DA:109,1
DA:110,1
DA:114,1
DA:119,1
DA:124,1
DA:133,7
DA:138,2
DA:140,2
DA:144,2
DA:147,2
DA:150,2
DA:156,2
DA:157,1
DA:160,2
DA:169,7
DA:173,1
DA:174,1
DA:176,1
DA:177,1
DA:180,1
DA:181,1
DA:182,1
DA:186,1
DA:187,1
DA:190,1
DA:193,1
DA:197,7
LF:57
LH:57
BRDA:104,0,0,1
BRDA:104,0,1,0
BRDA:109,1,0,1
BRDA:109,1,1,0
BRDA:156,2,0,1
BRDA:156,2,1,1
BRDA:180,3,0,1
BRDA:180,3,1,0
BRF:8
BRH:5
end_of_record
TN:
SF:C:\Users\Polzovatel\Desktop\Zazmic\stage 2\week 5\Homework-5\routes\api\v1\users.js
FN:18,(anonymous_0)
FN:46,(anonymous_1)
FN:47,(anonymous_2)
FN:49,(anonymous_3)
FN:66,(anonymous_4)
FN:88,(anonymous_5)
FN:112,(anonymous_6)
FN:113,(anonymous_7)
FNF:8
FNH:8
FNDA:1,(anonymous_0)
FNDA:2,(anonymous_1)
FNDA:4,(anonymous_2)
FNDA:2,(anonymous_3)
FNDA:2,(anonymous_4)
FNDA:2,(anonymous_5)
FNDA:6,(anonymous_6)
FNDA:11,(anonymous_7)
DA:1,7
DA:2,7
DA:4,7
DA:5,7
DA:6,7
DA:7,7
DA:9,7
DA:16,7
DA:20,1
DA:42,1
DA:45,1
DA:46,1
DA:47,4
DA:48,2
DA:49,2
DA:51,2
DA:55,1
DA:64,7
DA:67,2
DA:70,2
DA:71,2
DA:72,1
DA:73,1
DA:77,1
DA:86,7
DA:89,2
DA:90,2
DA:93,2
DA:105,2
DA:108,2
DA:111,2
DA:112,2
DA:113,11
DA:114,6
DA:115,6
DA:119,2
DA:123,7
LF:37
LH:37
BRDA:48,0,0,1
BRDA:48,0,1,1
BRDA:71,1,0,1
BRDA:71,1,1,1
BRDA:105,2,0,1
BRDA:105,2,1,1
BRDA:114,3,0,2
BRDA:114,3,1,4
BRF:8
BRH:8
end_of_record
TN:
SF:C:\Users\Polzovatel\Desktop\Zazmic\stage 2\week 5\Homework-5\services\auth-service.js
FN:1,(anonymous_0)
FNF:1
FNH:1
FNDA:1,(anonymous_0)
DA:1,7
DA:2,1
DA:3,1
DA:4,1
DA:5,1
DA:6,1
DA:8,0
LF:7
LH:6
BRF:0
BRH:0
end_of_record
TN:
SF:C:\Users\Polzovatel\Desktop\Zazmic\stage 2\week 5\Homework-5\services\gcs-service.js
FN:4,(anonymous_0)
FNF:1
FNH:1
FNDA:4,(anonymous_0)
DA:1,7
DA:2,7
DA:4,7
DA:5,4
DA:6,4
DA:7,3
DA:8,3
DA:9,3
DA:11,3
LF:9
LH:9
BRDA:6,0,0,3
BRDA:6,0,1,1
BRF:2
BRH:2
end_of_record
TN:
SF:C:\Users\Polzovatel\Desktop\Zazmic\stage 2\week 5\Homework-5\services\mail-service.js
FN:10,(anonymous_0)
FN:20,(anonymous_1)
FN:29,(anonymous_2)
FNF:3
FNH:3
FNDA:1,(anonymous_0)
FNDA:1,(anonymous_1)
FNDA:1,(anonymous_2)
DA:1,7
DA:4,7
DA:5,7
DA:6,7
DA:8,7
DA:10,7
DA:20,7
DA:29,7
LF:8
LH:8
BRF:0
BRH:0
end_of_record
TN:
SF:C:\Users\Polzovatel\Desktop\Zazmic\stage 2\week 5\Homework-5\services\stripe-service.js
FN:7,(anonymous_0)
FN:16,(anonymous_1)
FN:20,(anonymous_2)
FN:27,(anonymous_3)
FN:42,(anonymous_4)
FNF:5
FNH:5
FNDA:1,(anonymous_0)
FNDA:2,(anonymous_1)
FNDA:3,(anonymous_2)
FNDA:1,(anonymous_3)
FNDA:1,(anonymous_4)
DA:1,7
DA:7,7
DA:8,1
DA:9,1
DA:16,7
DA:17,2
DA:20,3
DA:27,7
DA:28,1
DA:35,1
DA:42,7
DA:43,1
DA:46,1
LF:13
LH:13
BRF:0
BRH:0
end_of_record
TN:
SF:C:\Users\Polzovatel\Desktop\Zazmic\stage 2\week 5\Homework-5\socket\socketio.js
FN:16,(anonymous_0)
FN:25,(anonymous_1)
FN:31,(anonymous_2)
FN:44,(anonymous_3)
FN:53,(anonymous_4)
FN:64,(anonymous_5)
FN:65,(anonymous_6)
FN:68,(anonymous_7)
FN:77,(anonymous_8)
FNF:9
FNH:1
FNDA:7,(anonymous_0)
FNDA:0,(anonymous_1)
FNDA:0,(anonymous_2)
FNDA:0,(anonymous_3)
FNDA:0,(anonymous_4)
FNDA:0,(anonymous_5)
FNDA:0,(anonymous_6)
FNDA:0,(anonymous_7)
FNDA:0,(anonymous_8)
DA:1,7
DA:2,7
DA:3,7
DA:5,7
DA:7,7
DA:9,7
DA:16,7
DA:17,7
DA:20,7
DA:26,0
DA:31,7
DA:33,0
DA:41,0
DA:44,0
DA:45,0
DA:46,0
DA:47,0
DA:49,0
DA:53,0
DA:55,0
DA:62,0
DA:64,0
DA:65,0
DA:67,0
DA:68,0
DA:69,0
DA:77,0
DA:78,0
DA:79,0
LF:29
LH:10
BRDA:36,0,0,0
BRDA:36,0,1,0
BRDA:41,1,0,0
BRDA:41,1,1,0
BRDA:62,2,0,0
BRDA:62,2,1,0
BRDA:67,3,0,0
BRDA:67,3,1,0
BRF:8
BRH:0
end_of_record
TN:
SF:C:\Users\Polzovatel\Desktop\Zazmic\stage 2\week 5\Homework-5\tests\clearDatabase.js
FN:5,(anonymous_0)
FNF:1
FNH:1
FNDA:6,(anonymous_0)
DA:1,7
DA:2,7
DA:3,7
DA:5,7
DA:6,6
DA:7,12
DA:12,6
DA:13,6
LF:8
LH:8
BRF:0
BRH:0
end_of_record
TN:
SF:C:\Users\Polzovatel\Desktop\Zazmic\stage 2\week 5\Homework-5\tests\helpers.js
FN:4,(anonymous_0)
FN:15,(anonymous_1)
FN:25,(anonymous_2)
FNF:3
FNH:3
FNDA:7,(anonymous_0)
FNDA:9,(anonymous_1)
FNDA:1,(anonymous_2)
DA:1,6
DA:2,6
DA:4,6
DA:5,7
DA:11,7
DA:12,7
DA:15,6
DA:16,9
DA:22,9
DA:25,6
DA:26,1
DA:31,1
LF:12
LH:12
BRF:0
BRH:0
end_of_record
TN:
SF:C:\Users\Polzovatel\Desktop\Zazmic\stage 2\week 5\Homework-5\utils\add-pagination-opts.js
FN:4,(anonymous_0)
FNF:1
FNH:1
FNDA:1,(anonymous_0)
DA:2,7
DA:4,7
DA:5,1
DA:6,1
LF:4
LH:4
BRF:0
BRH:0
end_of_record
TN:
SF:C:\Users\Polzovatel\Desktop\Zazmic\stage 2\week 5\Homework-5\utils\error-messages.js
FNF:0
FNH:0
DA:1,7
LF:1
LH:1
BRF:0
BRH:0
end_of_record
TN:
SF:C:\Users\Polzovatel\Desktop\Zazmic\stage 2\week 5\Homework-5\utils\hash-password.js
FN:3,(anonymous_0)
FNF:1
FNH:1
FNDA:20,(anonymous_0)
DA:1,7
DA:3,7
DA:4,20
DA:5,20
DA:6,10
DA:8,10
DA:12,0
DA:16,7
LF:8
LH:7
BRDA:5,0,0,10
BRDA:5,0,1,10
BRF:2
BRH:2
end_of_record
TN:
SF:C:\Users\Polzovatel\Desktop\Zazmic\stage 2\week 5\Homework-5\validation\index.js
FN:3,(anonymous_0)
FN:6,(anonymous_1)
FNF:2
FNH:2
FNDA:35,(anonymous_0)
FNDA:10,(anonymous_1)
DA:1,7
DA:3,7
DA:4,35
DA:7,10
DA:8,10
DA:9,0
DA:12,35
DA:15,7
DA:19,7
DA:23,7
DA:29,7
DA:35,7
DA:39,7
DA:43,7
DA:48,7
DA:55,7
DA:57,7
DA:59,7
DA:61,7
LF:19
LH:18
BRDA:8,0,0,10
BRDA:8,0,1,0
BRF:2
BRH:1
end_of_record
